<?xml version="1.0" encoding="UTF-8"?>
<robot generator="Robot 7.2.2 (Python 3.9.2 on darwin)" generated="2025-08-10T13:46:42.714549" rpa="false" schemaversion="5">
<suite id="s1" name="finalistenRobotTesting" source="/Users/sreesrini/PycharmProjects/finalistenRobotTesting">
<suite id="s1-s1" name="FinalistenTestCases" source="/Users/sreesrini/PycharmProjects/finalistenRobotTesting/FinalistenTestCases">
<suite id="s1-s1-s1" name="Common" source="/Users/sreesrini/PycharmProjects/finalistenRobotTesting/FinalistenTestCases/common">
<suite id="s1-s1-s1-s1" name="Login" source="/Users/sreesrini/PycharmProjects/finalistenRobotTesting/FinalistenTestCases/common/login">
<kw name="Open And Login" owner="LoginKeyword" type="SETUP">
<kw name="Open Browser" owner="SeleniumLibrary">
<msg time="2025-08-10T13:46:43.387041" level="INFO">Opening browser 'chrome' to base url 'https://erp.finalisten.se/login/'.</msg>
<arg>${URL}</arg>
<arg>${BROWSER}</arg>
<arg>headlesschrome</arg>
<doc>Opens a new browser instance to the optional ``url``.</doc>
<status status="PASS" start="2025-08-10T13:46:43.386414" elapsed="5.599893"/>
</kw>
<kw name="Maximize Browser Window" owner="SeleniumLibrary">
<doc>Maximizes current browser window.</doc>
<status status="PASS" start="2025-08-10T13:46:48.987283" elapsed="0.408924"/>
</kw>
<kw name="Handle SSL Warning" owner="LoginKeyword">
<kw name="Get WebElements" owner="SeleniumLibrary">
<msg time="2025-08-10T13:46:49.421543" level="INFO">${advanced_button} = []</msg>
<var>${advanced_button}</var>
<arg>xpath=//button[contains(text(),'Advanced')]</arg>
<doc>Returns a list of WebElement objects matching the ``locator``.</doc>
<status status="PASS" start="2025-08-10T13:46:49.401109" elapsed="0.021206"/>
</kw>
<kw name="Run Keyword If" owner="BuiltIn">
<arg>${advanced_button}</arg>
<arg>Click Button</arg>
<arg>xpath=//button[contains(text(),'Advanced')]</arg>
<doc>Runs the given keyword with the given arguments, if ``condition`` is true.</doc>
<status status="PASS" start="2025-08-10T13:46:49.422885" elapsed="0.000498"/>
</kw>
<kw name="Get WebElements" owner="SeleniumLibrary">
<msg time="2025-08-10T13:46:49.453056" level="INFO">${proceed_link} = []</msg>
<var>${proceed_link}</var>
<arg>xpath=//a[contains(text(),'Proceed')]</arg>
<doc>Returns a list of WebElement objects matching the ``locator``.</doc>
<status status="PASS" start="2025-08-10T13:46:49.423831" elapsed="0.029311"/>
</kw>
<kw name="Run Keyword If" owner="BuiltIn">
<arg>${proceed_link}</arg>
<arg>Click Element</arg>
<arg>xpath=//a[contains(text(),'Proceed')]</arg>
<doc>Runs the given keyword with the given arguments, if ``condition`` is true.</doc>
<status status="PASS" start="2025-08-10T13:46:49.453537" elapsed="0.000426"/>
</kw>
<status status="PASS" start="2025-08-10T13:46:49.400161" elapsed="0.054042"/>
</kw>
<kw name="Input Text" owner="SeleniumLibrary">
<msg time="2025-08-10T13:46:49.455068" level="INFO">Typing text 'erpadmin@finalisten.se' into text field 'xpath=//input[@name='username']'.</msg>
<arg>xpath=//input[@name='username']</arg>
<arg>${USERNAME}</arg>
<doc>Types the given ``text`` into the text field identified by ``locator``.</doc>
<status status="PASS" start="2025-08-10T13:46:49.454505" elapsed="0.204878"/>
</kw>
<kw name="Input Text" owner="SeleniumLibrary">
<msg time="2025-08-10T13:46:49.660470" level="INFO">Typing text 'Djangocrm123' into text field 'xpath=//input[@name='password']'.</msg>
<arg>xpath=//input[@name='password']</arg>
<arg>${PASSWORD}</arg>
<doc>Types the given ``text`` into the text field identified by ``locator``.</doc>
<status status="PASS" start="2025-08-10T13:46:49.659813" elapsed="0.117701"/>
</kw>
<kw name="Click Button" owner="SeleniumLibrary">
<msg time="2025-08-10T13:46:49.778183" level="INFO">Clicking button 'xpath=//button[@type='submit' and contains(@class,'btn-primary') and contains(@class,'btn-block')]'.</msg>
<arg>${LOGIN_BUTTON}</arg>
<doc>Clicks the button identified by ``locator``.</doc>
<status status="PASS" start="2025-08-10T13:46:49.777824" elapsed="0.115456"/>
</kw>
<kw name="Wait Until Location Contains" owner="SeleniumLibrary">
<arg>${HOMEPAGE_URL}</arg>
<arg>timeout=10s</arg>
<doc>Waits until the current URL contains ``expected``.</doc>
<status status="PASS" start="2025-08-10T13:46:49.893589" elapsed="2.996012"/>
</kw>
<status status="PASS" start="2025-08-10T13:46:43.380279" elapsed="9.509720"/>
</kw>
<suite id="s1-s1-s1-s1-s1" name="Check Successful Login" source="/Users/sreesrini/PycharmProjects/finalistenRobotTesting/FinalistenTestCases/common/login/check_successful_login.robot">
<test id="s1-s1-s1-s1-s1-t1" name="Login And Verify Production Link" line="9">
<kw name="Open And Login" owner="LoginKeyword">
<kw name="Open Browser" owner="SeleniumLibrary">
<msg time="2025-08-10T13:46:52.900793" level="INFO">Using existing browser from index 1.</msg>
<msg time="2025-08-10T13:46:52.900924" level="INFO">Opening url 'https://erp.finalisten.se/login/'</msg>
<arg>${URL}</arg>
<arg>${BROWSER}</arg>
<arg>headlesschrome</arg>
<doc>Opens a new browser instance to the optional ``url``.</doc>
<status status="PASS" start="2025-08-10T13:46:52.900274" elapsed="2.490809"/>
</kw>
<kw name="Maximize Browser Window" owner="SeleniumLibrary">
<doc>Maximizes current browser window.</doc>
<status status="PASS" start="2025-08-10T13:46:55.391596" elapsed="0.004468"/>
</kw>
<kw name="Handle SSL Warning" owner="LoginKeyword">
<kw name="Get WebElements" owner="SeleniumLibrary">
<msg time="2025-08-10T13:46:55.407172" level="INFO">${advanced_button} = []</msg>
<var>${advanced_button}</var>
<arg>xpath=//button[contains(text(),'Advanced')]</arg>
<doc>Returns a list of WebElement objects matching the ``locator``.</doc>
<status status="PASS" start="2025-08-10T13:46:55.396911" elapsed="0.010334"/>
</kw>
<kw name="Run Keyword If" owner="BuiltIn">
<arg>${advanced_button}</arg>
<arg>Click Button</arg>
<arg>xpath=//button[contains(text(),'Advanced')]</arg>
<doc>Runs the given keyword with the given arguments, if ``condition`` is true.</doc>
<status status="PASS" start="2025-08-10T13:46:55.407696" elapsed="0.000263"/>
</kw>
<kw name="Get WebElements" owner="SeleniumLibrary">
<msg time="2025-08-10T13:46:55.416260" level="INFO">${proceed_link} = []</msg>
<var>${proceed_link}</var>
<arg>xpath=//a[contains(text(),'Proceed')]</arg>
<doc>Returns a list of WebElement objects matching the ``locator``.</doc>
<status status="PASS" start="2025-08-10T13:46:55.408157" elapsed="0.008175"/>
</kw>
<kw name="Run Keyword If" owner="BuiltIn">
<arg>${proceed_link}</arg>
<arg>Click Element</arg>
<arg>xpath=//a[contains(text(),'Proceed')]</arg>
<doc>Runs the given keyword with the given arguments, if ``condition`` is true.</doc>
<status status="PASS" start="2025-08-10T13:46:55.416579" elapsed="0.000231"/>
</kw>
<status status="PASS" start="2025-08-10T13:46:55.396437" elapsed="0.020496"/>
</kw>
<kw name="Input Text" owner="SeleniumLibrary">
<msg time="2025-08-10T13:46:55.417389" level="INFO">Typing text 'erpadmin@finalisten.se' into text field 'xpath=//input[@name='username']'.</msg>
<msg time="2025-08-10T13:46:55.583130" level="INFO" html="true">&lt;/td&gt;&lt;/tr&gt;&lt;tr&gt;&lt;td colspan="3"&gt;&lt;a href="selenium-screenshot-6.png"&gt;&lt;img src="selenium-screenshot-6.png" width="800px"&gt;&lt;/a&gt;</msg>
<msg time="2025-08-10T13:46:55.583495" level="FAIL">Element with locator 'xpath=//input[@name='username']' not found.</msg>
<arg>xpath=//input[@name='username']</arg>
<arg>${USERNAME}</arg>
<doc>Types the given ``text`` into the text field identified by ``locator``.</doc>
<status status="FAIL" start="2025-08-10T13:46:55.417091" elapsed="0.181512">Element with locator 'xpath=//input[@name='username']' not found.</status>
</kw>
<kw name="Input Text" owner="SeleniumLibrary">
<arg>xpath=//input[@name='password']</arg>
<arg>${PASSWORD}</arg>
<doc>Types the given ``text`` into the text field identified by ``locator``.</doc>
<status status="NOT RUN" start="2025-08-10T13:46:55.599124" elapsed="0.000104"/>
</kw>
<kw name="Click Button" owner="SeleniumLibrary">
<arg>${LOGIN_BUTTON}</arg>
<doc>Clicks the button identified by ``locator``.</doc>
<status status="NOT RUN" start="2025-08-10T13:46:55.599567" elapsed="0.000085"/>
</kw>
<kw name="Wait Until Location Contains" owner="SeleniumLibrary">
<arg>${HOMEPAGE_URL}</arg>
<arg>timeout=10s</arg>
<doc>Waits until the current URL contains ``expected``.</doc>
<status status="NOT RUN" start="2025-08-10T13:46:55.600047" elapsed="0.000065"/>
</kw>
<status status="FAIL" start="2025-08-10T13:46:52.899641" elapsed="2.700768">Element with locator 'xpath=//input[@name='username']' not found.</status>
</kw>
<kw name="Wait Until Element Is Visible" owner="SeleniumLibrary">
<arg>${PRODUCTION_LINK}</arg>
<arg>timeout=10s</arg>
<doc>Waits until the element ``locator`` is visible.</doc>
<status status="NOT RUN" start="2025-08-10T13:46:55.600702" elapsed="0.000078"/>
</kw>
<kw name="Log To Console" owner="BuiltIn">
<arg>"Login successful and Production link is present."</arg>
<doc>Logs the given message to the console.</doc>
<status status="NOT RUN" start="2025-08-10T13:46:55.601055" elapsed="0.000071"/>
</kw>
<status status="FAIL" start="2025-08-10T13:46:52.898620" elapsed="2.702883">Element with locator 'xpath=//input[@name='username']' not found.</status>
</test>
<status status="FAIL" start="2025-08-10T13:46:52.890266" elapsed="2.712264"/>
</suite>
<suite id="s1-s1-s1-s1-s2" name="Verify Successful Login" source="/Users/sreesrini/PycharmProjects/finalistenRobotTesting/FinalistenTestCases/common/login/verify_successful_login.robot">
<test id="s1-s1-s1-s1-s2-t1" name="Verify Successful Login" line="5">
<kw name="Open And Login" owner="LoginKeyword">
<kw name="Open Browser" owner="SeleniumLibrary">
<msg time="2025-08-10T13:46:55.613130" level="INFO">Using existing browser from index 1.</msg>
<msg time="2025-08-10T13:46:55.613286" level="INFO">Opening url 'https://erp.finalisten.se/login/'</msg>
<arg>${URL}</arg>
<arg>${BROWSER}</arg>
<arg>headlesschrome</arg>
<doc>Opens a new browser instance to the optional ``url``.</doc>
<status status="PASS" start="2025-08-10T13:46:55.612629" elapsed="2.983335"/>
</kw>
<kw name="Maximize Browser Window" owner="SeleniumLibrary">
<doc>Maximizes current browser window.</doc>
<status status="PASS" start="2025-08-10T13:46:58.596327" elapsed="0.004087"/>
</kw>
<kw name="Handle SSL Warning" owner="LoginKeyword">
<kw name="Get WebElements" owner="SeleniumLibrary">
<msg time="2025-08-10T13:46:58.610600" level="INFO">${advanced_button} = []</msg>
<var>${advanced_button}</var>
<arg>xpath=//button[contains(text(),'Advanced')]</arg>
<doc>Returns a list of WebElement objects matching the ``locator``.</doc>
<status status="PASS" start="2025-08-10T13:46:58.601282" elapsed="0.009401"/>
</kw>
<kw name="Run Keyword If" owner="BuiltIn">
<arg>${advanced_button}</arg>
<arg>Click Button</arg>
<arg>xpath=//button[contains(text(),'Advanced')]</arg>
<doc>Runs the given keyword with the given arguments, if ``condition`` is true.</doc>
<status status="PASS" start="2025-08-10T13:46:58.610981" elapsed="0.000279"/>
</kw>
<kw name="Get WebElements" owner="SeleniumLibrary">
<msg time="2025-08-10T13:46:58.621091" level="INFO">${proceed_link} = []</msg>
<var>${proceed_link}</var>
<arg>xpath=//a[contains(text(),'Proceed')]</arg>
<doc>Returns a list of WebElement objects matching the ``locator``.</doc>
<status status="PASS" start="2025-08-10T13:46:58.611489" elapsed="0.009698"/>
</kw>
<kw name="Run Keyword If" owner="BuiltIn">
<arg>${proceed_link}</arg>
<arg>Click Element</arg>
<arg>xpath=//a[contains(text(),'Proceed')]</arg>
<doc>Runs the given keyword with the given arguments, if ``condition`` is true.</doc>
<status status="PASS" start="2025-08-10T13:46:58.621537" elapsed="0.000307"/>
</kw>
<status status="PASS" start="2025-08-10T13:46:58.600790" elapsed="0.021337"/>
</kw>
<kw name="Input Text" owner="SeleniumLibrary">
<msg time="2025-08-10T13:46:58.623069" level="INFO">Typing text 'erpadmin@finalisten.se' into text field 'xpath=//input[@name='username']'.</msg>
<msg time="2025-08-10T13:46:58.768217" level="INFO" html="true">&lt;/td&gt;&lt;/tr&gt;&lt;tr&gt;&lt;td colspan="3"&gt;&lt;a href="selenium-screenshot-7.png"&gt;&lt;img src="selenium-screenshot-7.png" width="800px"&gt;&lt;/a&gt;</msg>
<msg time="2025-08-10T13:46:58.768507" level="FAIL">Element with locator 'xpath=//input[@name='username']' not found.</msg>
<arg>xpath=//input[@name='username']</arg>
<arg>${USERNAME}</arg>
<doc>Types the given ``text`` into the text field identified by ``locator``.</doc>
<status status="FAIL" start="2025-08-10T13:46:58.622643" elapsed="0.146275">Element with locator 'xpath=//input[@name='username']' not found.</status>
</kw>
<kw name="Input Text" owner="SeleniumLibrary">
<arg>xpath=//input[@name='password']</arg>
<arg>${PASSWORD}</arg>
<doc>Types the given ``text`` into the text field identified by ``locator``.</doc>
<status status="NOT RUN" start="2025-08-10T13:46:58.769311" elapsed="0.000073"/>
</kw>
<kw name="Click Button" owner="SeleniumLibrary">
<arg>${LOGIN_BUTTON}</arg>
<doc>Clicks the button identified by ``locator``.</doc>
<status status="NOT RUN" start="2025-08-10T13:46:58.769588" elapsed="0.000056"/>
</kw>
<kw name="Wait Until Location Contains" owner="SeleniumLibrary">
<arg>${HOMEPAGE_URL}</arg>
<arg>timeout=10s</arg>
<doc>Waits until the current URL contains ``expected``.</doc>
<status status="NOT RUN" start="2025-08-10T13:46:58.769837" elapsed="0.000055"/>
</kw>
<status status="FAIL" start="2025-08-10T13:46:55.611773" elapsed="3.158312">Element with locator 'xpath=//input[@name='username']' not found.</status>
</kw>
<kw name="Title Should Be" owner="SeleniumLibrary">
<arg>Finalisten ERP - Home Page</arg>
<doc>Verifies that the current page title equals ``title``.</doc>
<status status="NOT RUN" start="2025-08-10T13:46:58.770309" elapsed="0.000059"/>
</kw>
<kw name="Log To Console" owner="BuiltIn">
<arg>"Login successful."</arg>
<doc>Logs the given message to the console.</doc>
<status status="NOT RUN" start="2025-08-10T13:46:58.770563" elapsed="0.000055"/>
</kw>
<status status="FAIL" start="2025-08-10T13:46:55.610868" elapsed="3.160035">Element with locator 'xpath=//input[@name='username']' not found.</status>
</test>
<status status="FAIL" start="2025-08-10T13:46:55.604050" elapsed="3.167435"/>
</suite>
<status status="FAIL" start="2025-08-10T13:46:43.345113" elapsed="15.428631"/>
</suite>
<status status="FAIL" start="2025-08-10T13:46:43.343398" elapsed="15.432210"/>
</suite>
<suite id="s1-s1-s2" name="Contact" source="/Users/sreesrini/PycharmProjects/finalistenRobotTesting/FinalistenTestCases/contact">
<suite id="s1-s1-s2-s1" name="Open Contact Create" source="/Users/sreesrini/PycharmProjects/finalistenRobotTesting/FinalistenTestCases/contact/open_contact_create.robot">
<test id="s1-s1-s2-s1-t1" name="Verify Contact Create Page Opens Successfully" line="11">
<kw name="Open And Login" owner="LoginKeyword">
<kw name="Open Browser" owner="SeleniumLibrary">
<msg time="2025-08-10T13:46:58.789957" level="INFO">Using existing browser from index 1.</msg>
<msg time="2025-08-10T13:46:58.790099" level="INFO">Opening url 'https://erp.finalisten.se/login/'</msg>
<arg>${URL}</arg>
<arg>${BROWSER}</arg>
<arg>headlesschrome</arg>
<doc>Opens a new browser instance to the optional ``url``.</doc>
<status status="PASS" start="2025-08-10T13:46:58.789456" elapsed="2.868815"/>
</kw>
<kw name="Maximize Browser Window" owner="SeleniumLibrary">
<doc>Maximizes current browser window.</doc>
<status status="PASS" start="2025-08-10T13:47:01.658615" elapsed="0.004940"/>
</kw>
<kw name="Handle SSL Warning" owner="LoginKeyword">
<kw name="Get WebElements" owner="SeleniumLibrary">
<msg time="2025-08-10T13:47:01.674491" level="INFO">${advanced_button} = []</msg>
<var>${advanced_button}</var>
<arg>xpath=//button[contains(text(),'Advanced')]</arg>
<doc>Returns a list of WebElement objects matching the ``locator``.</doc>
<status status="PASS" start="2025-08-10T13:47:01.664293" elapsed="0.010299"/>
</kw>
<kw name="Run Keyword If" owner="BuiltIn">
<arg>${advanced_button}</arg>
<arg>Click Button</arg>
<arg>xpath=//button[contains(text(),'Advanced')]</arg>
<doc>Runs the given keyword with the given arguments, if ``condition`` is true.</doc>
<status status="PASS" start="2025-08-10T13:47:01.674948" elapsed="0.000341"/>
</kw>
<kw name="Get WebElements" owner="SeleniumLibrary">
<msg time="2025-08-10T13:47:01.685786" level="INFO">${proceed_link} = []</msg>
<var>${proceed_link}</var>
<arg>xpath=//a[contains(text(),'Proceed')]</arg>
<doc>Returns a list of WebElement objects matching the ``locator``.</doc>
<status status="PASS" start="2025-08-10T13:47:01.675570" elapsed="0.010285"/>
</kw>
<kw name="Run Keyword If" owner="BuiltIn">
<arg>${proceed_link}</arg>
<arg>Click Element</arg>
<arg>xpath=//a[contains(text(),'Proceed')]</arg>
<doc>Runs the given keyword with the given arguments, if ``condition`` is true.</doc>
<status status="PASS" start="2025-08-10T13:47:01.686097" elapsed="0.000514"/>
</kw>
<status status="PASS" start="2025-08-10T13:47:01.663883" elapsed="0.022867"/>
</kw>
<kw name="Input Text" owner="SeleniumLibrary">
<msg time="2025-08-10T13:47:01.687505" level="INFO">Typing text 'erpadmin@finalisten.se' into text field 'xpath=//input[@name='username']'.</msg>
<msg time="2025-08-10T13:47:01.850071" level="INFO" html="true">&lt;/td&gt;&lt;/tr&gt;&lt;tr&gt;&lt;td colspan="3"&gt;&lt;a href="selenium-screenshot-8.png"&gt;&lt;img src="selenium-screenshot-8.png" width="800px"&gt;&lt;/a&gt;</msg>
<msg time="2025-08-10T13:47:01.850368" level="FAIL">Element with locator 'xpath=//input[@name='username']' not found.</msg>
<arg>xpath=//input[@name='username']</arg>
<arg>${USERNAME}</arg>
<doc>Types the given ``text`` into the text field identified by ``locator``.</doc>
<status status="FAIL" start="2025-08-10T13:47:01.687034" elapsed="0.163782">Element with locator 'xpath=//input[@name='username']' not found.</status>
</kw>
<kw name="Input Text" owner="SeleniumLibrary">
<arg>xpath=//input[@name='password']</arg>
<arg>${PASSWORD}</arg>
<doc>Types the given ``text`` into the text field identified by ``locator``.</doc>
<status status="NOT RUN" start="2025-08-10T13:47:01.851106" elapsed="0.000060"/>
</kw>
<kw name="Click Button" owner="SeleniumLibrary">
<arg>${LOGIN_BUTTON}</arg>
<doc>Clicks the button identified by ``locator``.</doc>
<status status="NOT RUN" start="2025-08-10T13:47:01.851370" elapsed="0.000073"/>
</kw>
<kw name="Wait Until Location Contains" owner="SeleniumLibrary">
<arg>${HOMEPAGE_URL}</arg>
<arg>timeout=10s</arg>
<doc>Waits until the current URL contains ``expected``.</doc>
<status status="NOT RUN" start="2025-08-10T13:47:01.851688" elapsed="0.000069"/>
</kw>
<status status="FAIL" start="2025-08-10T13:46:58.787774" elapsed="3.064222">Element with locator 'xpath=//input[@name='username']' not found.</status>
</kw>
<kw name="Hover Over Register Menu">
<status status="NOT RUN" start="2025-08-10T13:47:01.852414" elapsed="0.000141"/>
</kw>
<kw name="Click On Contacts Menu">
<status status="NOT RUN" start="2025-08-10T13:47:01.852766" elapsed="0.000108"/>
</kw>
<kw name="Wait Until Page Contains" owner="SeleniumLibrary">
<arg>Filters</arg>
<arg>timeout=10s</arg>
<doc>Waits until ``text`` appears on the current page.</doc>
<status status="NOT RUN" start="2025-08-10T13:47:01.853143" elapsed="0.000086"/>
</kw>
<kw name="Log To Console" owner="BuiltIn">
<arg>"Filters text found. Contact list opened successfully."</arg>
<doc>Logs the given message to the console.</doc>
<status status="NOT RUN" start="2025-08-10T13:47:01.853503" elapsed="0.000056"/>
</kw>
<kw name="Click Element" owner="SeleniumLibrary">
<arg>${ADD_CONTACT_BTN}</arg>
<doc>Click the element identified by ``locator``.</doc>
<status status="NOT RUN" start="2025-08-10T13:47:01.853866" elapsed="0.000056"/>
</kw>
<kw name="Wait Until Page Contains" owner="SeleniumLibrary">
<arg>CONTACT DATA</arg>
<arg>timeout=10s</arg>
<doc>Waits until ``text`` appears on the current page.</doc>
<status status="NOT RUN" start="2025-08-10T13:47:01.854097" elapsed="0.000048"/>
</kw>
<kw name="Log To Console" owner="BuiltIn">
<arg>"CONTACT DATA found. Contact Create page opened successfully."</arg>
<doc>Logs the given message to the console.</doc>
<status status="NOT RUN" start="2025-08-10T13:47:01.854354" elapsed="0.000085"/>
</kw>
<kw name="Close Browser" owner="LoginKeyword">
<status status="NOT RUN" start="2025-08-10T13:47:01.854825" elapsed="0.000067"/>
</kw>
<status status="FAIL" start="2025-08-10T13:46:58.786894" elapsed="3.068357">Element with locator 'xpath=//input[@name='username']' not found.</status>
</test>
<status status="FAIL" start="2025-08-10T13:46:58.778460" elapsed="3.077919"/>
</suite>
<suite id="s1-s1-s2-s2" name="Open Contact Edit" source="/Users/sreesrini/PycharmProjects/finalistenRobotTesting/FinalistenTestCases/contact/open_contact_edit.robot">
<test id="s1-s1-s2-s2-t1" name="Verify Edit Contact Page Opens Successfully" line="11">
<kw name="Open And Login" owner="LoginKeyword">
<kw name="Open Browser" owner="SeleniumLibrary">
<msg time="2025-08-10T13:47:01.868040" level="INFO">Using existing browser from index 1.</msg>
<msg time="2025-08-10T13:47:01.868126" level="INFO">Opening url 'https://erp.finalisten.se/login/'</msg>
<arg>${URL}</arg>
<arg>${BROWSER}</arg>
<arg>headlesschrome</arg>
<doc>Opens a new browser instance to the optional ``url``.</doc>
<status status="PASS" start="2025-08-10T13:47:01.867705" elapsed="2.542115"/>
</kw>
<kw name="Maximize Browser Window" owner="SeleniumLibrary">
<doc>Maximizes current browser window.</doc>
<status status="PASS" start="2025-08-10T13:47:04.410277" elapsed="0.004879"/>
</kw>
<kw name="Handle SSL Warning" owner="LoginKeyword">
<kw name="Get WebElements" owner="SeleniumLibrary">
<msg time="2025-08-10T13:47:04.425852" level="INFO">${advanced_button} = []</msg>
<var>${advanced_button}</var>
<arg>xpath=//button[contains(text(),'Advanced')]</arg>
<doc>Returns a list of WebElement objects matching the ``locator``.</doc>
<status status="PASS" start="2025-08-10T13:47:04.416029" elapsed="0.009921"/>
</kw>
<kw name="Run Keyword If" owner="BuiltIn">
<arg>${advanced_button}</arg>
<arg>Click Button</arg>
<arg>xpath=//button[contains(text(),'Advanced')]</arg>
<doc>Runs the given keyword with the given arguments, if ``condition`` is true.</doc>
<status status="PASS" start="2025-08-10T13:47:04.426298" elapsed="0.000338"/>
</kw>
<kw name="Get WebElements" owner="SeleniumLibrary">
<msg time="2025-08-10T13:47:04.436683" level="INFO">${proceed_link} = []</msg>
<var>${proceed_link}</var>
<arg>xpath=//a[contains(text(),'Proceed')]</arg>
<doc>Returns a list of WebElement objects matching the ``locator``.</doc>
<status status="PASS" start="2025-08-10T13:47:04.426918" elapsed="0.009863"/>
</kw>
<kw name="Run Keyword If" owner="BuiltIn">
<arg>${proceed_link}</arg>
<arg>Click Element</arg>
<arg>xpath=//a[contains(text(),'Proceed')]</arg>
<doc>Runs the given keyword with the given arguments, if ``condition`` is true.</doc>
<status status="PASS" start="2025-08-10T13:47:04.437268" elapsed="0.000368"/>
</kw>
<status status="PASS" start="2025-08-10T13:47:04.415535" elapsed="0.022363"/>
</kw>
<kw name="Input Text" owner="SeleniumLibrary">
<msg time="2025-08-10T13:47:04.439009" level="INFO">Typing text 'erpadmin@finalisten.se' into text field 'xpath=//input[@name='username']'.</msg>
<msg time="2025-08-10T13:47:04.584284" level="INFO" html="true">&lt;/td&gt;&lt;/tr&gt;&lt;tr&gt;&lt;td colspan="3"&gt;&lt;a href="selenium-screenshot-9.png"&gt;&lt;img src="selenium-screenshot-9.png" width="800px"&gt;&lt;/a&gt;</msg>
<msg time="2025-08-10T13:47:04.584581" level="FAIL">Element with locator 'xpath=//input[@name='username']' not found.</msg>
<arg>xpath=//input[@name='username']</arg>
<arg>${USERNAME}</arg>
<doc>Types the given ``text`` into the text field identified by ``locator``.</doc>
<status status="FAIL" start="2025-08-10T13:47:04.438586" elapsed="0.146394">Element with locator 'xpath=//input[@name='username']' not found.</status>
</kw>
<kw name="Input Text" owner="SeleniumLibrary">
<arg>xpath=//input[@name='password']</arg>
<arg>${PASSWORD}</arg>
<doc>Types the given ``text`` into the text field identified by ``locator``.</doc>
<status status="NOT RUN" start="2025-08-10T13:47:04.585386" elapsed="0.000090"/>
</kw>
<kw name="Click Button" owner="SeleniumLibrary">
<arg>${LOGIN_BUTTON}</arg>
<doc>Clicks the button identified by ``locator``.</doc>
<status status="NOT RUN" start="2025-08-10T13:47:04.585734" elapsed="0.000072"/>
</kw>
<kw name="Wait Until Location Contains" owner="SeleniumLibrary">
<arg>${HOMEPAGE_URL}</arg>
<arg>timeout=10s</arg>
<doc>Waits until the current URL contains ``expected``.</doc>
<status status="NOT RUN" start="2025-08-10T13:47:04.586045" elapsed="0.000242"/>
</kw>
<status status="FAIL" start="2025-08-10T13:47:01.866990" elapsed="2.719549">Element with locator 'xpath=//input[@name='username']' not found.</status>
</kw>
<kw name="Hover Over Register Menu">
<status status="NOT RUN" start="2025-08-10T13:47:04.586892" elapsed="0.000081"/>
</kw>
<kw name="Click On Contacts Menu">
<status status="NOT RUN" start="2025-08-10T13:47:04.587245" elapsed="0.000073"/>
</kw>
<kw name="Wait Until Page Contains" owner="SeleniumLibrary">
<arg>Filters</arg>
<arg>timeout=10s</arg>
<doc>Waits until ``text`` appears on the current page.</doc>
<status status="NOT RUN" start="2025-08-10T13:47:04.587555" elapsed="0.000073"/>
</kw>
<kw name="Log To Console" owner="BuiltIn">
<arg>"Filters text found. Contact list opened successfully."</arg>
<doc>Logs the given message to the console.</doc>
<status status="NOT RUN" start="2025-08-10T13:47:04.587881" elapsed="0.000070"/>
</kw>
<kw name="Click Element" owner="SeleniumLibrary">
<arg>${EDIT_CONTACT_BUTTON}</arg>
<doc>Click the element identified by ``locator``.</doc>
<status status="NOT RUN" start="2025-08-10T13:47:04.588216" elapsed="0.000073"/>
</kw>
<kw name="Wait Until Page Contains" owner="SeleniumLibrary">
<arg>CONTACT DATA</arg>
<arg>timeout=10s</arg>
<doc>Waits until ``text`` appears on the current page.</doc>
<status status="NOT RUN" start="2025-08-10T13:47:04.588530" elapsed="0.000110"/>
</kw>
<kw name="Log To Console" owner="BuiltIn">
<arg>"CONTACT DATA text found. Edit Contact page opened successfully."</arg>
<doc>Logs the given message to the console.</doc>
<status status="NOT RUN" start="2025-08-10T13:47:04.588907" elapsed="0.000070"/>
</kw>
<kw name="Close Browser" owner="LoginKeyword">
<status status="NOT RUN" start="2025-08-10T13:47:04.589807" elapsed="0.000182"/>
</kw>
<status status="FAIL" start="2025-08-10T13:47:01.865964" elapsed="2.724411">Element with locator 'xpath=//input[@name='username']' not found.</status>
</test>
<status status="FAIL" start="2025-08-10T13:47:01.858319" elapsed="2.733236"/>
</suite>
<suite id="s1-s1-s2-s3" name="Open Contact List" source="/Users/sreesrini/PycharmProjects/finalistenRobotTesting/FinalistenTestCases/contact/open_contact_list.robot">
<test id="s1-s1-s2-s3-t1" name="Verify Contact List Opens Successfully" line="10">
<kw name="Open And Login" owner="LoginKeyword">
<kw name="Open Browser" owner="SeleniumLibrary">
<msg time="2025-08-10T13:47:04.602534" level="INFO">Using existing browser from index 1.</msg>
<msg time="2025-08-10T13:47:04.602759" level="INFO">Opening url 'https://erp.finalisten.se/login/'</msg>
<arg>${URL}</arg>
<arg>${BROWSER}</arg>
<arg>headlesschrome</arg>
<doc>Opens a new browser instance to the optional ``url``.</doc>
<status status="PASS" start="2025-08-10T13:47:04.601971" elapsed="2.891615"/>
</kw>
<kw name="Maximize Browser Window" owner="SeleniumLibrary">
<doc>Maximizes current browser window.</doc>
<status status="PASS" start="2025-08-10T13:47:07.494067" elapsed="0.009813"/>
</kw>
<kw name="Handle SSL Warning" owner="LoginKeyword">
<kw name="Get WebElements" owner="SeleniumLibrary">
<msg time="2025-08-10T13:47:07.515348" level="INFO">${advanced_button} = []</msg>
<var>${advanced_button}</var>
<arg>xpath=//button[contains(text(),'Advanced')]</arg>
<doc>Returns a list of WebElement objects matching the ``locator``.</doc>
<status status="PASS" start="2025-08-10T13:47:07.504819" elapsed="0.010618"/>
</kw>
<kw name="Run Keyword If" owner="BuiltIn">
<arg>${advanced_button}</arg>
<arg>Click Button</arg>
<arg>xpath=//button[contains(text(),'Advanced')]</arg>
<doc>Runs the given keyword with the given arguments, if ``condition`` is true.</doc>
<status status="PASS" start="2025-08-10T13:47:07.515846" elapsed="0.000353"/>
</kw>
<kw name="Get WebElements" owner="SeleniumLibrary">
<msg time="2025-08-10T13:47:07.525529" level="INFO">${proceed_link} = []</msg>
<var>${proceed_link}</var>
<arg>xpath=//a[contains(text(),'Proceed')]</arg>
<doc>Returns a list of WebElement objects matching the ``locator``.</doc>
<status status="PASS" start="2025-08-10T13:47:07.516485" elapsed="0.009126"/>
</kw>
<kw name="Run Keyword If" owner="BuiltIn">
<arg>${proceed_link}</arg>
<arg>Click Element</arg>
<arg>xpath=//a[contains(text(),'Proceed')]</arg>
<doc>Runs the given keyword with the given arguments, if ``condition`` is true.</doc>
<status status="PASS" start="2025-08-10T13:47:07.525898" elapsed="0.000277"/>
</kw>
<status status="PASS" start="2025-08-10T13:47:07.504280" elapsed="0.022046"/>
</kw>
<kw name="Input Text" owner="SeleniumLibrary">
<msg time="2025-08-10T13:47:07.526878" level="INFO">Typing text 'erpadmin@finalisten.se' into text field 'xpath=//input[@name='username']'.</msg>
<msg time="2025-08-10T13:47:07.665416" level="INFO" html="true">&lt;/td&gt;&lt;/tr&gt;&lt;tr&gt;&lt;td colspan="3"&gt;&lt;a href="selenium-screenshot-10.png"&gt;&lt;img src="selenium-screenshot-10.png" width="800px"&gt;&lt;/a&gt;</msg>
<msg time="2025-08-10T13:47:07.665664" level="FAIL">Element with locator 'xpath=//input[@name='username']' not found.</msg>
<arg>xpath=//input[@name='username']</arg>
<arg>${USERNAME}</arg>
<doc>Types the given ``text`` into the text field identified by ``locator``.</doc>
<status status="FAIL" start="2025-08-10T13:47:07.526522" elapsed="0.139467">Element with locator 'xpath=//input[@name='username']' not found.</status>
</kw>
<kw name="Input Text" owner="SeleniumLibrary">
<arg>xpath=//input[@name='password']</arg>
<arg>${PASSWORD}</arg>
<doc>Types the given ``text`` into the text field identified by ``locator``.</doc>
<status status="NOT RUN" start="2025-08-10T13:47:07.666316" elapsed="0.000082"/>
</kw>
<kw name="Click Button" owner="SeleniumLibrary">
<arg>${LOGIN_BUTTON}</arg>
<doc>Clicks the button identified by ``locator``.</doc>
<status status="NOT RUN" start="2025-08-10T13:47:07.666608" elapsed="0.000058"/>
</kw>
<kw name="Wait Until Location Contains" owner="SeleniumLibrary">
<arg>${HOMEPAGE_URL}</arg>
<arg>timeout=10s</arg>
<doc>Waits until the current URL contains ``expected``.</doc>
<status status="NOT RUN" start="2025-08-10T13:47:07.666869" elapsed="0.000057"/>
</kw>
<status status="FAIL" start="2025-08-10T13:47:04.601368" elapsed="3.065751">Element with locator 'xpath=//input[@name='username']' not found.</status>
</kw>
<kw name="Hover Over Register Menu">
<status status="NOT RUN" start="2025-08-10T13:47:07.667392" elapsed="0.000062"/>
</kw>
<kw name="Click On Contacts Menu">
<status status="NOT RUN" start="2025-08-10T13:47:07.667680" elapsed="0.000061"/>
</kw>
<kw name="Wait Until Page Contains" owner="SeleniumLibrary">
<arg>Filters</arg>
<arg>timeout=10s</arg>
<doc>Waits until ``text`` appears on the current page.</doc>
<status status="NOT RUN" start="2025-08-10T13:47:07.668123" elapsed="0.000084"/>
</kw>
<kw name="Log To Console" owner="BuiltIn">
<arg>"Filters text found. Contact list opened successfully."</arg>
<doc>Logs the given message to the console.</doc>
<status status="NOT RUN" start="2025-08-10T13:47:07.668464" elapsed="0.000071"/>
</kw>
<kw name="Close Browser" owner="LoginKeyword">
<status status="NOT RUN" start="2025-08-10T13:47:07.668955" elapsed="0.000081"/>
</kw>
<status status="FAIL" start="2025-08-10T13:47:04.600148" elapsed="3.069218">Element with locator 'xpath=//input[@name='username']' not found.</status>
</test>
<status status="FAIL" start="2025-08-10T13:47:04.592644" elapsed="3.077419"/>
</suite>
<status status="FAIL" start="2025-08-10T13:46:58.776489" elapsed="8.895076"/>
</suite>
<suite id="s1-s1-s3" name="Customer" source="/Users/sreesrini/PycharmProjects/finalistenRobotTesting/FinalistenTestCases/customer">
<suite id="s1-s1-s3-s1" name="Open Customer Create" source="/Users/sreesrini/PycharmProjects/finalistenRobotTesting/FinalistenTestCases/customer/open_customer_create.robot">
<test id="s1-s1-s3-s1-t1" name="Verify Customer Create Page Opens Successfully" line="11">
<kw name="Open And Login" owner="LoginKeyword">
<kw name="Open Browser" owner="SeleniumLibrary">
<msg time="2025-08-10T13:47:07.685300" level="INFO">Using existing browser from index 1.</msg>
<msg time="2025-08-10T13:47:07.685631" level="INFO">Opening url 'https://erp.finalisten.se/login/'</msg>
<arg>${URL}</arg>
<arg>${BROWSER}</arg>
<arg>headlesschrome</arg>
<doc>Opens a new browser instance to the optional ``url``.</doc>
<status status="PASS" start="2025-08-10T13:47:07.684806" elapsed="1.951932"/>
</kw>
<kw name="Maximize Browser Window" owner="SeleniumLibrary">
<doc>Maximizes current browser window.</doc>
<status status="PASS" start="2025-08-10T13:47:09.637094" elapsed="0.005328"/>
</kw>
<kw name="Handle SSL Warning" owner="LoginKeyword">
<kw name="Get WebElements" owner="SeleniumLibrary">
<msg time="2025-08-10T13:47:09.656406" level="INFO">${advanced_button} = []</msg>
<var>${advanced_button}</var>
<arg>xpath=//button[contains(text(),'Advanced')]</arg>
<doc>Returns a list of WebElement objects matching the ``locator``.</doc>
<status status="PASS" start="2025-08-10T13:47:09.643938" elapsed="0.012533"/>
</kw>
<kw name="Run Keyword If" owner="BuiltIn">
<arg>${advanced_button}</arg>
<arg>Click Button</arg>
<arg>xpath=//button[contains(text(),'Advanced')]</arg>
<doc>Runs the given keyword with the given arguments, if ``condition`` is true.</doc>
<status status="PASS" start="2025-08-10T13:47:09.656705" elapsed="0.000207"/>
</kw>
<kw name="Get WebElements" owner="SeleniumLibrary">
<msg time="2025-08-10T13:47:09.665841" level="INFO">${proceed_link} = []</msg>
<var>${proceed_link}</var>
<arg>xpath=//a[contains(text(),'Proceed')]</arg>
<doc>Returns a list of WebElement objects matching the ``locator``.</doc>
<status status="PASS" start="2025-08-10T13:47:09.657071" elapsed="0.008831"/>
</kw>
<kw name="Run Keyword If" owner="BuiltIn">
<arg>${proceed_link}</arg>
<arg>Click Element</arg>
<arg>xpath=//a[contains(text(),'Proceed')]</arg>
<doc>Runs the given keyword with the given arguments, if ``condition`` is true.</doc>
<status status="PASS" start="2025-08-10T13:47:09.666127" elapsed="0.000200"/>
</kw>
<status status="PASS" start="2025-08-10T13:47:09.643108" elapsed="0.023342"/>
</kw>
<kw name="Input Text" owner="SeleniumLibrary">
<msg time="2025-08-10T13:47:09.667117" level="INFO">Typing text 'erpadmin@finalisten.se' into text field 'xpath=//input[@name='username']'.</msg>
<msg time="2025-08-10T13:47:09.814248" level="INFO" html="true">&lt;/td&gt;&lt;/tr&gt;&lt;tr&gt;&lt;td colspan="3"&gt;&lt;a href="selenium-screenshot-11.png"&gt;&lt;img src="selenium-screenshot-11.png" width="800px"&gt;&lt;/a&gt;</msg>
<msg time="2025-08-10T13:47:09.814501" level="FAIL">Element with locator 'xpath=//input[@name='username']' not found.</msg>
<arg>xpath=//input[@name='username']</arg>
<arg>${USERNAME}</arg>
<doc>Types the given ``text`` into the text field identified by ``locator``.</doc>
<status status="FAIL" start="2025-08-10T13:47:09.666733" elapsed="0.148102">Element with locator 'xpath=//input[@name='username']' not found.</status>
</kw>
<kw name="Input Text" owner="SeleniumLibrary">
<arg>xpath=//input[@name='password']</arg>
<arg>${PASSWORD}</arg>
<doc>Types the given ``text`` into the text field identified by ``locator``.</doc>
<status status="NOT RUN" start="2025-08-10T13:47:09.815319" elapsed="0.000091"/>
</kw>
<kw name="Click Button" owner="SeleniumLibrary">
<arg>${LOGIN_BUTTON}</arg>
<doc>Clicks the button identified by ``locator``.</doc>
<status status="NOT RUN" start="2025-08-10T13:47:09.815640" elapsed="0.000060"/>
</kw>
<kw name="Wait Until Location Contains" owner="SeleniumLibrary">
<arg>${HOMEPAGE_URL}</arg>
<arg>timeout=10s</arg>
<doc>Waits until the current URL contains ``expected``.</doc>
<status status="NOT RUN" start="2025-08-10T13:47:09.815893" elapsed="0.000055"/>
</kw>
<status status="FAIL" start="2025-08-10T13:47:07.684208" elapsed="2.131939">Element with locator 'xpath=//input[@name='username']' not found.</status>
</kw>
<kw name="Hover Over Register Menu">
<status status="NOT RUN" start="2025-08-10T13:47:09.816435" elapsed="0.000064"/>
</kw>
<kw name="Click On Customers Menu">
<status status="NOT RUN" start="2025-08-10T13:47:09.816709" elapsed="0.000057"/>
</kw>
<kw name="Wait Until Page Contains" owner="SeleniumLibrary">
<arg>Filters</arg>
<arg>timeout=10s</arg>
<doc>Waits until ``text`` appears on the current page.</doc>
<status status="NOT RUN" start="2025-08-10T13:47:09.816949" elapsed="0.000059"/>
</kw>
<kw name="Click On Add Customer Button">
<status status="NOT RUN" start="2025-08-10T13:47:09.817230" elapsed="0.000058"/>
</kw>
<kw name="Wait Until Page Contains" owner="SeleniumLibrary">
<arg>CUSTOMER DATA</arg>
<arg>timeout=10s</arg>
<doc>Waits until ``text`` appears on the current page.</doc>
<status status="NOT RUN" start="2025-08-10T13:47:09.817525" elapsed="0.000070"/>
</kw>
<kw name="Log To Console" owner="BuiltIn">
<arg>"CUSTOMER DATA found. Customer create page opened successfully."</arg>
<doc>Logs the given message to the console.</doc>
<status status="NOT RUN" start="2025-08-10T13:47:09.817834" elapsed="0.000067"/>
</kw>
<kw name="Close Browser" owner="LoginKeyword">
<status status="NOT RUN" start="2025-08-10T13:47:09.818301" elapsed="0.000086"/>
</kw>
<status status="FAIL" start="2025-08-10T13:47:07.683262" elapsed="2.135454">Element with locator 'xpath=//input[@name='username']' not found.</status>
</test>
<status status="FAIL" start="2025-08-10T13:47:07.675115" elapsed="2.144304"/>
</suite>
<suite id="s1-s1-s3-s2" name="Open Customer Edit" source="/Users/sreesrini/PycharmProjects/finalistenRobotTesting/FinalistenTestCases/customer/open_customer_edit.robot">
<test id="s1-s1-s3-s2-t1" name="Verify Customer Edit Page Opens Successfully" line="11">
<kw name="Open And Login" owner="LoginKeyword">
<kw name="Open Browser" owner="SeleniumLibrary">
<msg time="2025-08-10T13:47:09.836050" level="INFO">Using existing browser from index 1.</msg>
<msg time="2025-08-10T13:47:09.836164" level="INFO">Opening url 'https://erp.finalisten.se/login/'</msg>
<arg>${URL}</arg>
<arg>${BROWSER}</arg>
<arg>headlesschrome</arg>
<doc>Opens a new browser instance to the optional ``url``.</doc>
<status status="PASS" start="2025-08-10T13:47:09.835427" elapsed="2.617299"/>
</kw>
<kw name="Maximize Browser Window" owner="SeleniumLibrary">
<doc>Maximizes current browser window.</doc>
<status status="PASS" start="2025-08-10T13:47:12.453255" elapsed="0.045652"/>
</kw>
<kw name="Handle SSL Warning" owner="LoginKeyword">
<kw name="Get WebElements" owner="SeleniumLibrary">
<msg time="2025-08-10T13:47:12.545033" level="INFO">${advanced_button} = []</msg>
<var>${advanced_button}</var>
<arg>xpath=//button[contains(text(),'Advanced')]</arg>
<doc>Returns a list of WebElement objects matching the ``locator``.</doc>
<status status="PASS" start="2025-08-10T13:47:12.501045" elapsed="0.044091"/>
</kw>
<kw name="Run Keyword If" owner="BuiltIn">
<arg>${advanced_button}</arg>
<arg>Click Button</arg>
<arg>xpath=//button[contains(text(),'Advanced')]</arg>
<doc>Runs the given keyword with the given arguments, if ``condition`` is true.</doc>
<status status="PASS" start="2025-08-10T13:47:12.545494" elapsed="0.000380"/>
</kw>
<kw name="Get WebElements" owner="SeleniumLibrary">
<msg time="2025-08-10T13:47:12.594270" level="INFO">${proceed_link} = []</msg>
<var>${proceed_link}</var>
<arg>xpath=//a[contains(text(),'Proceed')]</arg>
<doc>Returns a list of WebElement objects matching the ``locator``.</doc>
<status status="PASS" start="2025-08-10T13:47:12.546169" elapsed="0.048335"/>
</kw>
<kw name="Run Keyword If" owner="BuiltIn">
<arg>${proceed_link}</arg>
<arg>Click Element</arg>
<arg>xpath=//a[contains(text(),'Proceed')]</arg>
<doc>Runs the given keyword with the given arguments, if ``condition`` is true.</doc>
<status status="PASS" start="2025-08-10T13:47:12.594940" elapsed="0.000364"/>
</kw>
<status status="PASS" start="2025-08-10T13:47:12.500045" elapsed="0.095451"/>
</kw>
<kw name="Input Text" owner="SeleniumLibrary">
<msg time="2025-08-10T13:47:12.596199" level="INFO">Typing text 'erpadmin@finalisten.se' into text field 'xpath=//input[@name='username']'.</msg>
<msg time="2025-08-10T13:47:13.076287" level="INFO" html="true">&lt;/td&gt;&lt;/tr&gt;&lt;tr&gt;&lt;td colspan="3"&gt;&lt;a href="selenium-screenshot-12.png"&gt;&lt;img src="selenium-screenshot-12.png" width="800px"&gt;&lt;/a&gt;</msg>
<msg time="2025-08-10T13:47:13.076680" level="FAIL">Element with locator 'xpath=//input[@name='username']' not found.</msg>
<arg>xpath=//input[@name='username']</arg>
<arg>${USERNAME}</arg>
<doc>Types the given ``text`` into the text field identified by ``locator``.</doc>
<status status="FAIL" start="2025-08-10T13:47:12.595747" elapsed="0.481260">Element with locator 'xpath=//input[@name='username']' not found.</status>
</kw>
<kw name="Input Text" owner="SeleniumLibrary">
<arg>xpath=//input[@name='password']</arg>
<arg>${PASSWORD}</arg>
<doc>Types the given ``text`` into the text field identified by ``locator``.</doc>
<status status="NOT RUN" start="2025-08-10T13:47:13.077331" elapsed="0.000111"/>
</kw>
<kw name="Click Button" owner="SeleniumLibrary">
<arg>${LOGIN_BUTTON}</arg>
<doc>Clicks the button identified by ``locator``.</doc>
<status status="NOT RUN" start="2025-08-10T13:47:13.077807" elapsed="0.000080"/>
</kw>
<kw name="Wait Until Location Contains" owner="SeleniumLibrary">
<arg>${HOMEPAGE_URL}</arg>
<arg>timeout=10s</arg>
<doc>Waits until the current URL contains ``expected``.</doc>
<status status="NOT RUN" start="2025-08-10T13:47:13.078101" elapsed="0.000051"/>
</kw>
<status status="FAIL" start="2025-08-10T13:47:09.834394" elapsed="3.243954">Element with locator 'xpath=//input[@name='username']' not found.</status>
</kw>
<kw name="Hover Over Register Menu">
<status status="NOT RUN" start="2025-08-10T13:47:13.078619" elapsed="0.000063"/>
</kw>
<kw name="Click On Customers Menu">
<status status="NOT RUN" start="2025-08-10T13:47:13.078859" elapsed="0.000049"/>
</kw>
<kw name="Wait Until Page Contains" owner="SeleniumLibrary">
<arg>Filters</arg>
<arg>timeout=10s</arg>
<doc>Waits until ``text`` appears on the current page.</doc>
<status status="NOT RUN" start="2025-08-10T13:47:13.079062" elapsed="0.000048"/>
</kw>
<kw name="Click On Edit Customer Button">
<status status="NOT RUN" start="2025-08-10T13:47:13.079294" elapsed="0.000047"/>
</kw>
<kw name="Wait Until Page Contains" owner="SeleniumLibrary">
<arg>CUSTOMER DATA</arg>
<arg>timeout=10s</arg>
<doc>Waits until ``text`` appears on the current page.</doc>
<status status="NOT RUN" start="2025-08-10T13:47:13.079487" elapsed="0.000064"/>
</kw>
<kw name="Log To Console" owner="BuiltIn">
<arg>"CUSTOMER DATA found. Customer edit page opened successfully."</arg>
<doc>Logs the given message to the console.</doc>
<status status="NOT RUN" start="2025-08-10T13:47:13.079748" elapsed="0.000054"/>
</kw>
<kw name="Close Browser" owner="LoginKeyword">
<status status="NOT RUN" start="2025-08-10T13:47:13.080113" elapsed="0.000063"/>
</kw>
<status status="FAIL" start="2025-08-10T13:47:09.833468" elapsed="3.246979">Element with locator 'xpath=//input[@name='username']' not found.</status>
</test>
<status status="FAIL" start="2025-08-10T13:47:09.821312" elapsed="3.259702"/>
</suite>
<suite id="s1-s1-s3-s3" name="Open Customer List" source="/Users/sreesrini/PycharmProjects/finalistenRobotTesting/FinalistenTestCases/customer/open_customer_list.robot">
<test id="s1-s1-s3-s3-t1" name="Verify Customer List Opens Successfully" line="10">
<kw name="Open And Login" owner="LoginKeyword">
<kw name="Open Browser" owner="SeleniumLibrary">
<msg time="2025-08-10T13:47:13.092909" level="INFO">Using existing browser from index 1.</msg>
<msg time="2025-08-10T13:47:13.093079" level="INFO">Opening url 'https://erp.finalisten.se/login/'</msg>
<arg>${URL}</arg>
<arg>${BROWSER}</arg>
<arg>headlesschrome</arg>
<doc>Opens a new browser instance to the optional ``url``.</doc>
<status status="PASS" start="2025-08-10T13:47:13.092260" elapsed="3.807281"/>
</kw>
<kw name="Maximize Browser Window" owner="SeleniumLibrary">
<doc>Maximizes current browser window.</doc>
<status status="PASS" start="2025-08-10T13:47:16.899967" elapsed="0.004226"/>
</kw>
<kw name="Handle SSL Warning" owner="LoginKeyword">
<kw name="Get WebElements" owner="SeleniumLibrary">
<msg time="2025-08-10T13:47:16.951913" level="INFO">${advanced_button} = []</msg>
<var>${advanced_button}</var>
<arg>xpath=//button[contains(text(),'Advanced')]</arg>
<doc>Returns a list of WebElement objects matching the ``locator``.</doc>
<status status="PASS" start="2025-08-10T13:47:16.905292" elapsed="0.046695"/>
</kw>
<kw name="Run Keyword If" owner="BuiltIn">
<arg>${advanced_button}</arg>
<arg>Click Button</arg>
<arg>xpath=//button[contains(text(),'Advanced')]</arg>
<doc>Runs the given keyword with the given arguments, if ``condition`` is true.</doc>
<status status="PASS" start="2025-08-10T13:47:16.952245" elapsed="0.000243"/>
</kw>
<kw name="Get WebElements" owner="SeleniumLibrary">
<msg time="2025-08-10T13:47:17.000385" level="INFO">${proceed_link} = []</msg>
<var>${proceed_link}</var>
<arg>xpath=//a[contains(text(),'Proceed')]</arg>
<doc>Returns a list of WebElement objects matching the ``locator``.</doc>
<status status="PASS" start="2025-08-10T13:47:16.952681" elapsed="0.048046"/>
</kw>
<kw name="Run Keyword If" owner="BuiltIn">
<arg>${proceed_link}</arg>
<arg>Click Element</arg>
<arg>xpath=//a[contains(text(),'Proceed')]</arg>
<doc>Runs the given keyword with the given arguments, if ``condition`` is true.</doc>
<status status="PASS" start="2025-08-10T13:47:17.001116" elapsed="0.000369"/>
</kw>
<status status="PASS" start="2025-08-10T13:47:16.904666" elapsed="0.097011"/>
</kw>
<kw name="Input Text" owner="SeleniumLibrary">
<msg time="2025-08-10T13:47:17.002379" level="INFO">Typing text 'erpadmin@finalisten.se' into text field 'xpath=//input[@name='username']'.</msg>
<msg time="2025-08-10T13:47:17.439407" level="INFO" html="true">&lt;/td&gt;&lt;/tr&gt;&lt;tr&gt;&lt;td colspan="3"&gt;&lt;a href="selenium-screenshot-13.png"&gt;&lt;img src="selenium-screenshot-13.png" width="800px"&gt;&lt;/a&gt;</msg>
<msg time="2025-08-10T13:47:17.439750" level="FAIL">Element with locator 'xpath=//input[@name='username']' not found.</msg>
<arg>xpath=//input[@name='username']</arg>
<arg>${USERNAME}</arg>
<doc>Types the given ``text`` into the text field identified by ``locator``.</doc>
<status status="FAIL" start="2025-08-10T13:47:17.001925" elapsed="0.438341">Element with locator 'xpath=//input[@name='username']' not found.</status>
</kw>
<kw name="Input Text" owner="SeleniumLibrary">
<arg>xpath=//input[@name='password']</arg>
<arg>${PASSWORD}</arg>
<doc>Types the given ``text`` into the text field identified by ``locator``.</doc>
<status status="NOT RUN" start="2025-08-10T13:47:17.440825" elapsed="0.000127"/>
</kw>
<kw name="Click Button" owner="SeleniumLibrary">
<arg>${LOGIN_BUTTON}</arg>
<doc>Clicks the button identified by ``locator``.</doc>
<status status="NOT RUN" start="2025-08-10T13:47:17.441367" elapsed="0.000110"/>
</kw>
<kw name="Wait Until Location Contains" owner="SeleniumLibrary">
<arg>${HOMEPAGE_URL}</arg>
<arg>timeout=10s</arg>
<doc>Waits until the current URL contains ``expected``.</doc>
<status status="NOT RUN" start="2025-08-10T13:47:17.441858" elapsed="0.000108"/>
</kw>
<status status="FAIL" start="2025-08-10T13:47:13.091448" elapsed="4.350938">Element with locator 'xpath=//input[@name='username']' not found.</status>
</kw>
<kw name="Hover Over Register Menu">
<status status="NOT RUN" start="2025-08-10T13:47:17.442938" elapsed="0.000125"/>
</kw>
<kw name="Click On Customers Menu">
<status status="NOT RUN" start="2025-08-10T13:47:17.443624" elapsed="0.000101"/>
</kw>
<kw name="Wait Until Page Contains" owner="SeleniumLibrary">
<arg>Filters</arg>
<arg>timeout=10s</arg>
<doc>Waits until ``text`` appears on the current page.</doc>
<status status="NOT RUN" start="2025-08-10T13:47:17.443994" elapsed="0.000092"/>
</kw>
<kw name="Log To Console" owner="BuiltIn">
<arg>"Filters text found. Customer list opened successfully."</arg>
<doc>Logs the given message to the console.</doc>
<status status="NOT RUN" start="2025-08-10T13:47:17.444356" elapsed="0.000073"/>
</kw>
<kw name="Close Browser" owner="LoginKeyword">
<status status="NOT RUN" start="2025-08-10T13:47:17.444980" elapsed="0.000127"/>
</kw>
<status status="FAIL" start="2025-08-10T13:47:13.090505" elapsed="4.355119">Element with locator 'xpath=//input[@name='username']' not found.</status>
</test>
<status status="FAIL" start="2025-08-10T13:47:13.082673" elapsed="4.363922"/>
</suite>
<status status="FAIL" start="2025-08-10T13:47:07.672717" elapsed="9.776594"/>
</suite>
<suite id="s1-s1-s4" name="Dailyplanner" source="/Users/sreesrini/PycharmProjects/finalistenRobotTesting/FinalistenTestCases/dailyplanner">
<suite id="s1-s1-s4-s1" name="Open Dailyplanner Boards" source="/Users/sreesrini/PycharmProjects/finalistenRobotTesting/FinalistenTestCases/dailyplanner/open_dailyplanner_boards.robot">
<test id="s1-s1-s4-s1-t1" name="Verify All Daily Planner Boards Open Successfully" line="12">
<kw name="Open And Login" owner="LoginKeyword">
<kw name="Open Browser" owner="SeleniumLibrary">
<msg time="2025-08-10T13:47:17.465155" level="INFO">Using existing browser from index 1.</msg>
<msg time="2025-08-10T13:47:17.465266" level="INFO">Opening url 'https://erp.finalisten.se/login/'</msg>
<arg>${URL}</arg>
<arg>${BROWSER}</arg>
<arg>headlesschrome</arg>
<doc>Opens a new browser instance to the optional ``url``.</doc>
<status status="PASS" start="2025-08-10T13:47:17.464635" elapsed="1.704474"/>
</kw>
<kw name="Maximize Browser Window" owner="SeleniumLibrary">
<msg time="2025-08-10T13:47:19.173646" level="WARN">Keyword 'Capture Page Screenshot' could not be run on failure: Message: no such window: target window already closed
from unknown error: web view not found
  (Session info: chrome=139.0.7258.66)
Stacktrace:
0   chromedriver                        0x0000000104665e98 chromedriver + 5918360
1   chromedriver                        0x000000010465d42a chromedriver + 5882922
2   chromedriver                        0x0000000104129e20 chromedriver + 429600
3   chromedriver                        0x00000001040fe880 chromedriver + 252032
4   chromedriver                        0x00000001041aa0b8 chromedriver + 954552
5   chromedriver                        0x00000001041c8a2c chromedriver + 1079852
6   chromedriver                        0x00000001041a1ce3 chromedriver + 920803
7   chromedriver                        0x000000010416e29b chromedriver + 709275
8   chromedriver                        0x000000010416ef81 chromedriver + 712577
9   chromedriver                        0x0000000104622ba0 chromedriver + 5643168
10  chromedriver                        0x0000000104626a54 chromedriver + 5659220
11  chromedriver                        0x00000001045fe412 chromedriver + 5493778
12  chromedriver                        0x00000001046274ff chromedriver + 5661951
13  chromedriver                        0x00000001045ed3b4 chromedriver + 5424052
14  chromedriver                        0x000000010464a718 chromedriver + 5805848
15  chromedriver                        0x000000010464a8e0 chromedriver + 5806304
16  chromedriver                        0x000000010465d001 chromedriver + 5881857
17  libsystem_pthread.dylib             0x00007ff802ad6259 _pthread_start + 125
18  libsystem_pthread.dylib             0x00007ff802ad1c7b thread_start + 15
</msg>
<msg time="2025-08-10T13:47:19.174269" level="FAIL">NoSuchWindowException: Message: no such window: target window already closed
from unknown error: web view not found
  (Session info: chrome=139.0.7258.66)
Stacktrace:
0   chromedriver                        0x0000000104665e98 chromedriver + 5918360
1   chromedriver                        0x000000010465d42a chromedriver + 5882922
2   chromedriver                        0x0000000104129e20 chromedriver + 429600
3   chromedriver                        0x00000001040fe880 chromedriver + 252032
4   chromedriver                        0x00000001041aa0b8 chromedriver + 954552
5   chromedriver                        0x00000001041c8a2c chromedriver + 1079852
6   chromedriver                        0x00000001041a1ce3 chromedriver + 920803
7   chromedriver                        0x000000010416e29b chromedriver + 709275
8   chromedriver                        0x000000010416ef81 chromedriver + 712577
9   chromedriver                        0x0000000104622ba0 chromedriver + 5643168
10  chromedriver                        0x0000000104626a54 chromedriver + 5659220
11  chromedriver                        0x00000001045fe412 chromedriver + 5493778
12  chromedriver                        0x00000001046274ff chromedriver + 5661951
13  chromedriver                        0x00000001045ed3b4 chromedriver + 5424052
14  chromedriver                        0x000000010464a718 chromedriver + 5805848
15  chromedriver                        0x000000010464a8e0 chromedriver + 5806304
16  chromedriver                        0x000000010465d001 chromedriver + 5881857
17  libsystem_pthread.dylib             0x00007ff802ad6259 _pthread_start + 125
18  libsystem_pthread.dylib             0x00007ff802ad1c7b thread_start + 15
</msg>
<doc>Maximizes current browser window.</doc>
<status status="FAIL" start="2025-08-10T13:47:19.169545" elapsed="0.009023">NoSuchWindowException: Message: no such window: target window already closed
from unknown error: web view not found
  (Session info: chrome=139.0.7258.66)
Stacktrace:
0   chromedriver                        0x0000000104665e98 chromedriver + 5918360
1   chromedriver                        0x000000010465d42a chromedriver + 5882922
2   chromedriver                        0x0000000104129e20 chromedriver + 429600
3   chromedriver                        0x00000001040fe880 chromedriver + 252032
4   chromedriver                        0x00000001041aa0b8 chromedriver + 954552
5   chromedriver                        0x00000001041c8a2c chromedriver + 1079852
6   chromedriver                        0x00000001041a1ce3 chromedriver + 920803
7   chromedriver                        0x000000010416e29b chromedriver + 709275
    [ Message content over the limit has been removed. ]
...hromedriver                        0x000000010416ef81 chromedriver + 712577
9   chromedriver                        0x0000000104622ba0 chromedriver + 5643168
10  chromedriver                        0x0000000104626a54 chromedriver + 5659220
11  chromedriver                        0x00000001045fe412 chromedriver + 5493778
12  chromedriver                        0x00000001046274ff chromedriver + 5661951
13  chromedriver                        0x00000001045ed3b4 chromedriver + 5424052
14  chromedriver                        0x000000010464a718 chromedriver + 5805848
15  chromedriver                        0x000000010464a8e0 chromedriver + 5806304
16  chromedriver                        0x000000010465d001 chromedriver + 5881857
17  libsystem_pthread.dylib             0x00007ff802ad6259 _pthread_start + 125
18  libsystem_pthread.dylib             0x00007ff802ad1c7b thread_start + 15</status>
</kw>
<kw name="Handle SSL Warning" owner="LoginKeyword">
<status status="NOT RUN" start="2025-08-10T13:47:19.179335" elapsed="0.000105"/>
</kw>
<kw name="Input Text" owner="SeleniumLibrary">
<arg>xpath=//input[@name='username']</arg>
<arg>${USERNAME}</arg>
<doc>Types the given ``text`` into the text field identified by ``locator``.</doc>
<status status="NOT RUN" start="2025-08-10T13:47:19.179701" elapsed="0.000103"/>
</kw>
<kw name="Input Text" owner="SeleniumLibrary">
<arg>xpath=//input[@name='password']</arg>
<arg>${PASSWORD}</arg>
<doc>Types the given ``text`` into the text field identified by ``locator``.</doc>
<status status="NOT RUN" start="2025-08-10T13:47:19.180062" elapsed="0.000074"/>
</kw>
<kw name="Click Button" owner="SeleniumLibrary">
<arg>${LOGIN_BUTTON}</arg>
<doc>Clicks the button identified by ``locator``.</doc>
<status status="NOT RUN" start="2025-08-10T13:47:19.180379" elapsed="0.000074"/>
</kw>
<kw name="Wait Until Location Contains" owner="SeleniumLibrary">
<arg>${HOMEPAGE_URL}</arg>
<arg>timeout=10s</arg>
<doc>Waits until the current URL contains ``expected``.</doc>
<status status="NOT RUN" start="2025-08-10T13:47:19.180689" elapsed="0.000068"/>
</kw>
<status status="FAIL" start="2025-08-10T13:47:17.463535" elapsed="1.717553">NoSuchWindowException: Message: no such window: target window already closed
from unknown error: web view not found
  (Session info: chrome=139.0.7258.66)
Stacktrace:
0   chromedriver                        0x0000000104665e98 chromedriver + 5918360
1   chromedriver                        0x000000010465d42a chromedriver + 5882922
2   chromedriver                        0x0000000104129e20 chromedriver + 429600
3   chromedriver                        0x00000001040fe880 chromedriver + 252032
4   chromedriver                        0x00000001041aa0b8 chromedriver + 954552
5   chromedriver                        0x00000001041c8a2c chromedriver + 1079852
6   chromedriver                        0x00000001041a1ce3 chromedriver + 920803
7   chromedriver                        0x000000010416e29b chromedriver + 709275
    [ Message content over the limit has been removed. ]
...hromedriver                        0x000000010416ef81 chromedriver + 712577
9   chromedriver                        0x0000000104622ba0 chromedriver + 5643168
10  chromedriver                        0x0000000104626a54 chromedriver + 5659220
11  chromedriver                        0x00000001045fe412 chromedriver + 5493778
12  chromedriver                        0x00000001046274ff chromedriver + 5661951
13  chromedriver                        0x00000001045ed3b4 chromedriver + 5424052
14  chromedriver                        0x000000010464a718 chromedriver + 5805848
15  chromedriver                        0x000000010464a8e0 chromedriver + 5806304
16  chromedriver                        0x000000010465d001 chromedriver + 5881857
17  libsystem_pthread.dylib             0x00007ff802ad6259 _pthread_start + 125
18  libsystem_pthread.dylib             0x00007ff802ad1c7b thread_start + 15</status>
</kw>
<kw name="Hover Over Production Menu">
<status status="NOT RUN" start="2025-08-10T13:47:19.184634" elapsed="0.000111"/>
</kw>
<kw name="Hover Over Daily Planner Menu">
<status status="NOT RUN" start="2025-08-10T13:47:19.185017" elapsed="0.000071"/>
</kw>
<kw name="Get WebElements" owner="SeleniumLibrary">
<var>${boards}</var>
<arg>${SUBBOARD_MENU_PATTERN}</arg>
<doc>Returns a list of WebElement objects matching the ``locator``.</doc>
<status status="NOT RUN" start="2025-08-10T13:47:19.185325" elapsed="0.000066"/>
</kw>
<for flavor="IN">
<iter>
<kw name="Get Element Attribute" owner="SeleniumLibrary">
<var>${board_name}</var>
<arg>${board}</arg>
<arg>id</arg>
<doc>Returns the value of ``attribute`` from the element ``locator``.</doc>
<status status="NOT RUN" start="2025-08-10T13:47:19.186060" elapsed="0.000067"/>
</kw>
<kw name="Hover Over Production Menu">
<status status="NOT RUN" start="2025-08-10T13:47:19.186399" elapsed="0.000067"/>
</kw>
<kw name="Hover Over Daily Planner Menu">
<status status="NOT RUN" start="2025-08-10T13:47:19.186686" elapsed="0.000064"/>
</kw>
<kw name="Click Element" owner="SeleniumLibrary">
<arg>xpath=//*[@id="${board_name}"]</arg>
<doc>Click the element identified by ``locator``.</doc>
<status status="NOT RUN" start="2025-08-10T13:47:19.186969" elapsed="0.000065"/>
</kw>
<kw name="Wait Until Page Contains" owner="SeleniumLibrary">
<arg>${NOT_PLANNED_TASKS_TEXT}</arg>
<arg>timeout=10s</arg>
<doc>Waits until ``text`` appears on the current page.</doc>
<status status="NOT RUN" start="2025-08-10T13:47:19.187261" elapsed="0.000068"/>
</kw>
<kw name="Log To Console" owner="BuiltIn">
<arg>"${board_name} board opened successfully and contains 'Not Planned Tasks'."</arg>
<doc>Logs the given message to the console.</doc>
<status status="NOT RUN" start="2025-08-10T13:47:19.187569" elapsed="0.000071"/>
</kw>
<kw name="Go Back" owner="SeleniumLibrary">
<doc>Simulates the user clicking the back button on their browser.</doc>
<status status="NOT RUN" start="2025-08-10T13:47:19.187865" elapsed="0.000064"/>
</kw>
<kw name="Sleep" owner="BuiltIn">
<arg>1s</arg>
<doc>Pauses the test executed for the given time.</doc>
<status status="NOT RUN" start="2025-08-10T13:47:19.188136" elapsed="0.000065"/>
</kw>
<var name="${board}"/>
<status status="NOT RUN" start="2025-08-10T13:47:19.185831" elapsed="0.002464"/>
</iter>
<var>${board}</var>
<value>@{boards}</value>
<status status="NOT RUN" start="2025-08-10T13:47:19.185567" elapsed="0.002836"/>
</for>
<kw name="Close Browser" owner="LoginKeyword">
<status status="NOT RUN" start="2025-08-10T13:47:19.188844" elapsed="0.000088"/>
</kw>
<status status="FAIL" start="2025-08-10T13:47:17.462394" elapsed="1.726921">NoSuchWindowException: Message: no such window: target window already closed
from unknown error: web view not found
  (Session info: chrome=139.0.7258.66)
Stacktrace:
0   chromedriver                        0x0000000104665e98 chromedriver + 5918360
1   chromedriver                        0x000000010465d42a chromedriver + 5882922
2   chromedriver                        0x0000000104129e20 chromedriver + 429600
3   chromedriver                        0x00000001040fe880 chromedriver + 252032
4   chromedriver                        0x00000001041aa0b8 chromedriver + 954552
5   chromedriver                        0x00000001041c8a2c chromedriver + 1079852
6   chromedriver                        0x00000001041a1ce3 chromedriver + 920803
7   chromedriver                        0x000000010416e29b chromedriver + 709275
    [ Message content over the limit has been removed. ]
...hromedriver                        0x000000010416ef81 chromedriver + 712577
9   chromedriver                        0x0000000104622ba0 chromedriver + 5643168
10  chromedriver                        0x0000000104626a54 chromedriver + 5659220
11  chromedriver                        0x00000001045fe412 chromedriver + 5493778
12  chromedriver                        0x00000001046274ff chromedriver + 5661951
13  chromedriver                        0x00000001045ed3b4 chromedriver + 5424052
14  chromedriver                        0x000000010464a718 chromedriver + 5805848
15  chromedriver                        0x000000010464a8e0 chromedriver + 5806304
16  chromedriver                        0x000000010465d001 chromedriver + 5881857
17  libsystem_pthread.dylib             0x00007ff802ad6259 _pthread_start + 125
18  libsystem_pthread.dylib             0x00007ff802ad1c7b thread_start + 15</status>
</test>
<status status="FAIL" start="2025-08-10T13:47:17.454492" elapsed="1.735540"/>
</suite>
<suite id="s1-s1-s4-s2" name="Open Dailyplanner Home" source="/Users/sreesrini/PycharmProjects/finalistenRobotTesting/FinalistenTestCases/dailyplanner/open_dailyplanner_home.robot">
<test id="s1-s1-s4-s2-t1" name="Verify Daily Planner Board Opens Successfully" line="11">
<kw name="Open And Login" owner="LoginKeyword">
<kw name="Open Browser" owner="SeleniumLibrary">
<msg time="2025-08-10T13:47:19.205740" level="INFO">Using existing browser from index 1.</msg>
<msg time="2025-08-10T13:47:19.205867" level="INFO">Opening url 'https://erp.finalisten.se/login/'</msg>
<msg time="2025-08-10T13:47:19.211333" level="WARN">Keyword 'Capture Page Screenshot' could not be run on failure: Message: no such window: target window already closed
from unknown error: web view not found
  (Session info: chrome=139.0.7258.66)
Stacktrace:
0   chromedriver                        0x0000000104665e98 chromedriver + 5918360
1   chromedriver                        0x000000010465d42a chromedriver + 5882922
2   chromedriver                        0x0000000104129e20 chromedriver + 429600
3   chromedriver                        0x00000001040fe880 chromedriver + 252032
4   chromedriver                        0x00000001041aa0b8 chromedriver + 954552
5   chromedriver                        0x00000001041c8a2c chromedriver + 1079852
6   chromedriver                        0x00000001041a1ce3 chromedriver + 920803
7   chromedriver                        0x000000010416e29b chromedriver + 709275
8   chromedriver                        0x000000010416ef81 chromedriver + 712577
9   chromedriver                        0x0000000104622ba0 chromedriver + 5643168
10  chromedriver                        0x0000000104626a54 chromedriver + 5659220
11  chromedriver                        0x00000001045fe412 chromedriver + 5493778
12  chromedriver                        0x00000001046274ff chromedriver + 5661951
13  chromedriver                        0x00000001045ed3b4 chromedriver + 5424052
14  chromedriver                        0x000000010464a718 chromedriver + 5805848
15  chromedriver                        0x000000010464a8e0 chromedriver + 5806304
16  chromedriver                        0x000000010465d001 chromedriver + 5881857
17  libsystem_pthread.dylib             0x00007ff802ad6259 _pthread_start + 125
18  libsystem_pthread.dylib             0x00007ff802ad1c7b thread_start + 15
</msg>
<msg time="2025-08-10T13:47:19.212082" level="FAIL">NoSuchWindowException: Message: no such window: target window already closed
from unknown error: web view not found
  (Session info: chrome=139.0.7258.66)
Stacktrace:
0   chromedriver                        0x0000000104665e98 chromedriver + 5918360
1   chromedriver                        0x000000010465d42a chromedriver + 5882922
2   chromedriver                        0x0000000104129e20 chromedriver + 429600
3   chromedriver                        0x00000001040fe880 chromedriver + 252032
4   chromedriver                        0x00000001041aa0b8 chromedriver + 954552
5   chromedriver                        0x00000001041c8a2c chromedriver + 1079852
6   chromedriver                        0x00000001041a1ce3 chromedriver + 920803
7   chromedriver                        0x000000010416e29b chromedriver + 709275
8   chromedriver                        0x000000010416ef81 chromedriver + 712577
9   chromedriver                        0x0000000104622ba0 chromedriver + 5643168
10  chromedriver                        0x0000000104626a54 chromedriver + 5659220
11  chromedriver                        0x00000001045fe412 chromedriver + 5493778
12  chromedriver                        0x00000001046274ff chromedriver + 5661951
13  chromedriver                        0x00000001045ed3b4 chromedriver + 5424052
14  chromedriver                        0x000000010464a718 chromedriver + 5805848
15  chromedriver                        0x000000010464a8e0 chromedriver + 5806304
16  chromedriver                        0x000000010465d001 chromedriver + 5881857
17  libsystem_pthread.dylib             0x00007ff802ad6259 _pthread_start + 125
18  libsystem_pthread.dylib             0x00007ff802ad1c7b thread_start + 15
</msg>
<arg>${URL}</arg>
<arg>${BROWSER}</arg>
<arg>headlesschrome</arg>
<doc>Opens a new browser instance to the optional ``url``.</doc>
<status status="FAIL" start="2025-08-10T13:47:19.205248" elapsed="0.013623">NoSuchWindowException: Message: no such window: target window already closed
from unknown error: web view not found
  (Session info: chrome=139.0.7258.66)
Stacktrace:
0   chromedriver                        0x0000000104665e98 chromedriver + 5918360
1   chromedriver                        0x000000010465d42a chromedriver + 5882922
2   chromedriver                        0x0000000104129e20 chromedriver + 429600
3   chromedriver                        0x00000001040fe880 chromedriver + 252032
4   chromedriver                        0x00000001041aa0b8 chromedriver + 954552
5   chromedriver                        0x00000001041c8a2c chromedriver + 1079852
6   chromedriver                        0x00000001041a1ce3 chromedriver + 920803
7   chromedriver                        0x000000010416e29b chromedriver + 709275
    [ Message content over the limit has been removed. ]
...hromedriver                        0x000000010416ef81 chromedriver + 712577
9   chromedriver                        0x0000000104622ba0 chromedriver + 5643168
10  chromedriver                        0x0000000104626a54 chromedriver + 5659220
11  chromedriver                        0x00000001045fe412 chromedriver + 5493778
12  chromedriver                        0x00000001046274ff chromedriver + 5661951
13  chromedriver                        0x00000001045ed3b4 chromedriver + 5424052
14  chromedriver                        0x000000010464a718 chromedriver + 5805848
15  chromedriver                        0x000000010464a8e0 chromedriver + 5806304
16  chromedriver                        0x000000010465d001 chromedriver + 5881857
17  libsystem_pthread.dylib             0x00007ff802ad6259 _pthread_start + 125
18  libsystem_pthread.dylib             0x00007ff802ad1c7b thread_start + 15</status>
</kw>
<kw name="Maximize Browser Window" owner="SeleniumLibrary">
<doc>Maximizes current browser window.</doc>
<status status="NOT RUN" start="2025-08-10T13:47:19.219291" elapsed="0.000094"/>
</kw>
<kw name="Handle SSL Warning" owner="LoginKeyword">
<status status="NOT RUN" start="2025-08-10T13:47:19.219745" elapsed="0.000085"/>
</kw>
<kw name="Input Text" owner="SeleniumLibrary">
<arg>xpath=//input[@name='username']</arg>
<arg>${USERNAME}</arg>
<doc>Types the given ``text`` into the text field identified by ``locator``.</doc>
<status status="NOT RUN" start="2025-08-10T13:47:19.220076" elapsed="0.000071"/>
</kw>
<kw name="Input Text" owner="SeleniumLibrary">
<arg>xpath=//input[@name='password']</arg>
<arg>${PASSWORD}</arg>
<doc>Types the given ``text`` into the text field identified by ``locator``.</doc>
<status status="NOT RUN" start="2025-08-10T13:47:19.220398" elapsed="0.000074"/>
</kw>
<kw name="Click Button" owner="SeleniumLibrary">
<arg>${LOGIN_BUTTON}</arg>
<doc>Clicks the button identified by ``locator``.</doc>
<status status="NOT RUN" start="2025-08-10T13:47:19.220726" elapsed="0.000069"/>
</kw>
<kw name="Wait Until Location Contains" owner="SeleniumLibrary">
<arg>${HOMEPAGE_URL}</arg>
<arg>timeout=10s</arg>
<doc>Waits until the current URL contains ``expected``.</doc>
<status status="NOT RUN" start="2025-08-10T13:47:19.221034" elapsed="0.000068"/>
</kw>
<status status="FAIL" start="2025-08-10T13:47:19.204648" elapsed="0.016782">NoSuchWindowException: Message: no such window: target window already closed
from unknown error: web view not found
  (Session info: chrome=139.0.7258.66)
Stacktrace:
0   chromedriver                        0x0000000104665e98 chromedriver + 5918360
1   chromedriver                        0x000000010465d42a chromedriver + 5882922
2   chromedriver                        0x0000000104129e20 chromedriver + 429600
3   chromedriver                        0x00000001040fe880 chromedriver + 252032
4   chromedriver                        0x00000001041aa0b8 chromedriver + 954552
5   chromedriver                        0x00000001041c8a2c chromedriver + 1079852
6   chromedriver                        0x00000001041a1ce3 chromedriver + 920803
7   chromedriver                        0x000000010416e29b chromedriver + 709275
    [ Message content over the limit has been removed. ]
...hromedriver                        0x000000010416ef81 chromedriver + 712577
9   chromedriver                        0x0000000104622ba0 chromedriver + 5643168
10  chromedriver                        0x0000000104626a54 chromedriver + 5659220
11  chromedriver                        0x00000001045fe412 chromedriver + 5493778
12  chromedriver                        0x00000001046274ff chromedriver + 5661951
13  chromedriver                        0x00000001045ed3b4 chromedriver + 5424052
14  chromedriver                        0x000000010464a718 chromedriver + 5805848
15  chromedriver                        0x000000010464a8e0 chromedriver + 5806304
16  chromedriver                        0x000000010465d001 chromedriver + 5881857
17  libsystem_pthread.dylib             0x00007ff802ad6259 _pthread_start + 125
18  libsystem_pthread.dylib             0x00007ff802ad1c7b thread_start + 15</status>
</kw>
<kw name="Hover Over Production Menu">
<status status="NOT RUN" start="2025-08-10T13:47:19.221764" elapsed="0.000078"/>
</kw>
<kw name="Double Click On Daily Planner Menu">
<status status="NOT RUN" start="2025-08-10T13:47:19.222105" elapsed="0.000071"/>
</kw>
<kw name="Wait Until Page Contains" owner="SeleniumLibrary">
<arg>${DAILY_PLANNER_TEXT}</arg>
<arg>timeout=10s</arg>
<doc>Waits until ``text`` appears on the current page.</doc>
<status status="NOT RUN" start="2025-08-10T13:47:19.222413" elapsed="0.000070"/>
</kw>
<kw name="Log To Console" owner="BuiltIn">
<arg>"Kanban Board text found. Daily Planner board opened successfully."</arg>
<doc>Logs the given message to the console.</doc>
<status status="NOT RUN" start="2025-08-10T13:47:19.222733" elapsed="0.000070"/>
</kw>
<kw name="Close Browser" owner="LoginKeyword">
<status status="NOT RUN" start="2025-08-10T13:47:19.223269" elapsed="0.000090"/>
</kw>
<status status="FAIL" start="2025-08-10T13:47:19.203694" elapsed="0.020293">NoSuchWindowException: Message: no such window: target window already closed
from unknown error: web view not found
  (Session info: chrome=139.0.7258.66)
Stacktrace:
0   chromedriver                        0x0000000104665e98 chromedriver + 5918360
1   chromedriver                        0x000000010465d42a chromedriver + 5882922
2   chromedriver                        0x0000000104129e20 chromedriver + 429600
3   chromedriver                        0x00000001040fe880 chromedriver + 252032
4   chromedriver                        0x00000001041aa0b8 chromedriver + 954552
5   chromedriver                        0x00000001041c8a2c chromedriver + 1079852
6   chromedriver                        0x00000001041a1ce3 chromedriver + 920803
7   chromedriver                        0x000000010416e29b chromedriver + 709275
    [ Message content over the limit has been removed. ]
...hromedriver                        0x000000010416ef81 chromedriver + 712577
9   chromedriver                        0x0000000104622ba0 chromedriver + 5643168
10  chromedriver                        0x0000000104626a54 chromedriver + 5659220
11  chromedriver                        0x00000001045fe412 chromedriver + 5493778
12  chromedriver                        0x00000001046274ff chromedriver + 5661951
13  chromedriver                        0x00000001045ed3b4 chromedriver + 5424052
14  chromedriver                        0x000000010464a718 chromedriver + 5805848
15  chromedriver                        0x000000010464a8e0 chromedriver + 5806304
16  chromedriver                        0x000000010465d001 chromedriver + 5881857
17  libsystem_pthread.dylib             0x00007ff802ad6259 _pthread_start + 125
18  libsystem_pthread.dylib             0x00007ff802ad1c7b thread_start + 15</status>
</test>
<status status="FAIL" start="2025-08-10T13:47:19.191782" elapsed="0.034986"/>
</suite>
<status status="FAIL" start="2025-08-10T13:47:17.451516" elapsed="1.778961"/>
</suite>
<suite id="s1-s1-s5" name="Doorplanning" source="/Users/sreesrini/PycharmProjects/finalistenRobotTesting/FinalistenTestCases/doorplanning">
<suite id="s1-s1-s5-s1" name="Open Doorplanning App" source="/Users/sreesrini/PycharmProjects/finalistenRobotTesting/FinalistenTestCases/doorplanning/open_doorplanning_app.robot">
<test id="s1-s1-s5-s1-t1" name="Verify Door Planning Board Opens Successfully" line="10">
<kw name="Open And Login" owner="LoginKeyword">
<kw name="Open Browser" owner="SeleniumLibrary">
<msg time="2025-08-10T13:47:19.253273" level="INFO">Using existing browser from index 1.</msg>
<msg time="2025-08-10T13:47:19.253350" level="INFO">Opening url 'https://erp.finalisten.se/login/'</msg>
<msg time="2025-08-10T13:47:19.257663" level="WARN">Keyword 'Capture Page Screenshot' could not be run on failure: Message: no such window: target window already closed
from unknown error: web view not found
  (Session info: chrome=139.0.7258.66)
Stacktrace:
0   chromedriver                        0x0000000104665e98 chromedriver + 5918360
1   chromedriver                        0x000000010465d42a chromedriver + 5882922
2   chromedriver                        0x0000000104129e20 chromedriver + 429600
3   chromedriver                        0x00000001040fe880 chromedriver + 252032
4   chromedriver                        0x00000001041aa0b8 chromedriver + 954552
5   chromedriver                        0x00000001041c8a2c chromedriver + 1079852
6   chromedriver                        0x00000001041a1ce3 chromedriver + 920803
7   chromedriver                        0x000000010416e29b chromedriver + 709275
8   chromedriver                        0x000000010416ef81 chromedriver + 712577
9   chromedriver                        0x0000000104622ba0 chromedriver + 5643168
10  chromedriver                        0x0000000104626a54 chromedriver + 5659220
11  chromedriver                        0x00000001045fe412 chromedriver + 5493778
12  chromedriver                        0x00000001046274ff chromedriver + 5661951
13  chromedriver                        0x00000001045ed3b4 chromedriver + 5424052
14  chromedriver                        0x000000010464a718 chromedriver + 5805848
15  chromedriver                        0x000000010464a8e0 chromedriver + 5806304
16  chromedriver                        0x000000010465d001 chromedriver + 5881857
17  libsystem_pthread.dylib             0x00007ff802ad6259 _pthread_start + 125
18  libsystem_pthread.dylib             0x00007ff802ad1c7b thread_start + 15
</msg>
<msg time="2025-08-10T13:47:19.258249" level="FAIL">NoSuchWindowException: Message: no such window: target window already closed
from unknown error: web view not found
  (Session info: chrome=139.0.7258.66)
Stacktrace:
0   chromedriver                        0x0000000104665e98 chromedriver + 5918360
1   chromedriver                        0x000000010465d42a chromedriver + 5882922
2   chromedriver                        0x0000000104129e20 chromedriver + 429600
3   chromedriver                        0x00000001040fe880 chromedriver + 252032
4   chromedriver                        0x00000001041aa0b8 chromedriver + 954552
5   chromedriver                        0x00000001041c8a2c chromedriver + 1079852
6   chromedriver                        0x00000001041a1ce3 chromedriver + 920803
7   chromedriver                        0x000000010416e29b chromedriver + 709275
8   chromedriver                        0x000000010416ef81 chromedriver + 712577
9   chromedriver                        0x0000000104622ba0 chromedriver + 5643168
10  chromedriver                        0x0000000104626a54 chromedriver + 5659220
11  chromedriver                        0x00000001045fe412 chromedriver + 5493778
12  chromedriver                        0x00000001046274ff chromedriver + 5661951
13  chromedriver                        0x00000001045ed3b4 chromedriver + 5424052
14  chromedriver                        0x000000010464a718 chromedriver + 5805848
15  chromedriver                        0x000000010464a8e0 chromedriver + 5806304
[...]
</msg>
<msg time="2025-08-10T13:47:20.027678" level="WARN">Keyword 'Capture Page Screenshot' could not be run on failure: Message: no such window: target window already closed
from unknown error: web view not found
  (Session info: chrome=139.0.7258.66)
Stacktrace:
0   chromedriver                        0x0000000104665e98 chromedriver + 5918360
1   chromedriver                        0x000000010465d42a chromedriver + 5882922
2   chromedriver                        0x0000000104129e20 chromedriver + 429600
3   chromedriver                        0x00000001040fe880 chromedriver + 252032
4   chromedriver                        0x00000001041aa0b8 chromedriver + 954552
5   chromedriver                        0x00000001041c8a2c chromedriver + 1079852
6   chromedriver                        0x00000001041a1ce3 chromedriver + 920803
7   chromedriver                        0x000000010416e29b chromedriver + 709275
8   chromedriver                        0x000000010416ef81 chromedriver + 712577
9   chromedriver                        0x0000000104622ba0 chromedriver + 5643168
10  chromedriver                        0x0000000104626a54 chromedriver + 5659220
11  chromedriver                        0x00000001045fe412 chromedriver + 5493778
12  chromedriver                        0x00000001046274ff chromedriver + 5661951
13  chromedriver                        0x00000001045ed3b4 chromedriver + 5424052
14  chromedriver                        0x000000010464a718 chromedriver + 5805848
15  chromedriver                        0x000000010464a8e0 chromedriver + 5806304
16  chromedriver                        0x000000010465d001 chromedriver + 5881857
17  libsystem_pthread.dylib             0x00007ff802ad6259 _pthread_start + 125
18  libsystem_pthread.dylib             0x00007ff802ad1c7b thread_start + 15
</msg>
<msg time="2025-08-10T13:47:20.049241" level="WARN">Keyword 'Capture Page Screenshot' could not be run on failure: Message: no such window: target window already closed
from unknown error: web view not found
  (Session info: chrome=139.0.7258.66)
Stacktrace:
0   chromedriver                        0x0000000104665e98 chromedriver + 5918360
1   chromedriver                        0x000000010465d42a chromedriver + 5882922
2   chromedriver                        0x0000000104129e20 chromedriver + 429600
3   chromedriver                        0x00000001040fe880 chromedriver + 252032
4   chromedriver                        0x00000001041aa0b8 chromedriver + 954552
5   chromedriver                        0x00000001041c8a2c chromedriver + 1079852
6   chromedriver                        0x00000001041a1ce3 chromedriver + 920803
7   chromedriver                        0x000000010416e29b chromedriver + 709275
8   chromedriver                        0x000000010416ef81 chromedriver + 712577
9   chromedriver                        0x0000000104622ba0 chromedriver + 5643168
10  chromedriver                        0x0000000104626a54 chromedriver + 5659220
11  chromedriver                        0x00000001045fe412 chromedriver + 5493778
12  chromedriver                        0x00000001046274ff chromedriver + 5661951
13  chromedriver                        0x00000001045ed3b4 chromedriver + 5424052
14  chromedriver                        0x000000010464a718 chromedriver + 5805848
15  chromedriver                        0x000000010464a8e0 chromedriver + 5806304
16  chromedriver                        0x000000010465d001 chromedriver + 5881857
17  libsystem_pthread.dylib             0x00007ff802ad6259 _pthread_start + 125
18  libsystem_pthread.dylib             0x00007ff802ad1c7b thread_start + 15
</msg>
<msg time="2025-08-10T13:47:20.070493" level="WARN">Keyword 'Capture Page Screenshot' could not be run on failure: Message: no such window: target window already closed
from unknown error: web view not found
  (Session info: chrome=139.0.7258.66)
Stacktrace:
0   chromedriver                        0x0000000104665e98 chromedriver + 5918360
1   chromedriver                        0x000000010465d42a chromedriver + 5882922
2   chromedriver                        0x0000000104129e20 chromedriver + 429600
3   chromedriver                        0x00000001040fe880 chromedriver + 252032
4   chromedriver                        0x00000001041aa0b8 chromedriver + 954552
5   chromedriver                        0x00000001041c8a2c chromedriver + 1079852
6   chromedriver                        0x00000001041a1ce3 chromedriver + 920803
7   chromedriver                        0x000000010416e29b chromedriver + 709275
8   chromedriver                        0x000000010416ef81 chromedriver + 712577
9   chromedriver                        0x0000000104622ba0 chromedriver + 5643168
10  chromedriver                        0x0000000104626a54 chromedriver + 5659220
11  chromedriver                        0x00000001045fe412 chromedriver + 5493778
12  chromedriver                        0x00000001046274ff chromedriver + 5661951
13  chromedriver                        0x00000001045ed3b4 chromedriver + 5424052
14  chromedriver                        0x000000010464a718 chromedriver + 5805848
15  chromedriver                        0x000000010464a8e0 chromedriver + 5806304
16  chromedriver                        0x000000010465d001 chromedriver + 5881857
17  libsystem_pthread.dylib             0x00007ff802ad6259 _pthread_start + 125
18  libsystem_pthread.dylib             0x00007ff802ad1c7b thread_start + 15
</msg>
<msg time="2025-08-10T13:47:20.094786" level="WARN">Keyword 'Capture Page Screenshot' could not be run on failure: Message: no such window: target window already closed
from unknown error: web view not found
  (Session info: chrome=139.0.7258.66)
Stacktrace:
0   chromedriver                        0x0000000104665e98 chromedriver + 5918360
1   chromedriver                        0x000000010465d42a chromedriver + 5882922
2   chromedriver                        0x0000000104129e20 chromedriver + 429600
3   chromedriver                        0x00000001040fe880 chromedriver + 252032
4   chromedriver                        0x00000001041aa0b8 chromedriver + 954552
5   chromedriver                        0x00000001041c8a2c chromedriver + 1079852
6   chromedriver                        0x00000001041a1ce3 chromedriver + 920803
7   chromedriver                        0x000000010416e29b chromedriver + 709275
8   chromedriver                        0x000000010416ef81 chromedriver + 712577
9   chromedriver                        0x0000000104622ba0 chromedriver + 5643168
10  chromedriver                        0x0000000104626a54 chromedriver + 5659220
11  chromedriver                        0x00000001045fe412 chromedriver + 5493778
12  chromedriver                        0x00000001046274ff chromedriver + 5661951
13  chromedriver                        0x00000001045ed3b4 chromedriver + 5424052
14  chromedriver                        0x000000010464a718 chromedriver + 5805848
15  chromedriver                        0x000000010464a8e0 chromedriver + 5806304
16  chromedriver                        0x000000010465d001 chromedriver + 5881857
17  libsystem_pthread.dylib             0x00007ff802ad6259 _pthread_start + 125
18  libsystem_pthread.dylib             0x00007ff802ad1c7b thread_start + 15
</msg>
<msg time="2025-08-10T13:47:20.118698" level="WARN">Keyword 'Capture Page Screenshot' could not be run on failure: Message: no such window: target window already closed
from unknown error: web view not found
  (Session info: chrome=139.0.7258.66)
Stacktrace:
0   chromedriver                        0x0000000104665e98 chromedriver + 5918360
1   chromedriver                        0x000000010465d42a chromedriver + 5882922
2   chromedriver                        0x0000000104129e20 chromedriver + 429600
3   chromedriver                        0x00000001040fe880 chromedriver + 252032
4   chromedriver                        0x00000001041aa0b8 chromedriver + 954552
5   chromedriver                        0x00000001041c8a2c chromedriver + 1079852
6   chromedriver                        0x00000001041a1ce3 chromedriver + 920803
7   chromedriver                        0x000000010416e29b chromedriver + 709275
8   chromedriver                        0x000000010416ef81 chromedriver + 712577
9   chromedriver                        0x0000000104622ba0 chromedriver + 5643168
10  chromedriver                        0x0000000104626a54 chromedriver + 5659220
11  chromedriver                        0x00000001045fe412 chromedriver + 5493778
12  chromedriver                        0x00000001046274ff chromedriver + 5661951
13  chromedriver                        0x00000001045ed3b4 chromedriver + 5424052
14  chromedriver                        0x000000010464a718 chromedriver + 5805848
15  chromedriver                        0x000000010464a8e0 chromedriver + 5806304
16  chromedriver                        0x000000010465d001 chromedriver + 5881857
17  libsystem_pthread.dylib             0x00007ff802ad6259 _pthread_start + 125
18  libsystem_pthread.dylib             0x00007ff802ad1c7b thread_start + 15
</msg>
<msg time="2025-08-10T13:47:20.143363" level="WARN">Keyword 'Capture Page Screenshot' could not be run on failure: Message: no such window: target window already closed
from unknown error: web view not found
  (Session info: chrome=139.0.7258.66)
Stacktrace:
0   chromedriver                        0x0000000104665e98 chromedriver + 5918360
1   chromedriver                        0x000000010465d42a chromedriver + 5882922
2   chromedriver                        0x0000000104129e20 chromedriver + 429600
3   chromedriver                        0x00000001040fe880 chromedriver + 252032
4   chromedriver                        0x00000001041aa0b8 chromedriver + 954552
5   chromedriver                        0x00000001041c8a2c chromedriver + 1079852
6   chromedriver                        0x00000001041a1ce3 chromedriver + 920803
7   chromedriver                        0x000000010416e29b chromedriver + 709275
8   chromedriver                        0x000000010416ef81 chromedriver + 712577
9   chromedriver                        0x0000000104622ba0 chromedriver + 5643168
10  chromedriver                        0x0000000104626a54 chromedriver + 5659220
11  chromedriver                        0x00000001045fe412 chromedriver + 5493778
12  chromedriver                        0x00000001046274ff chromedriver + 5661951
13  chromedriver                        0x00000001045ed3b4 chromedriver + 5424052
14  chromedriver                        0x000000010464a718 chromedriver + 5805848
15  chromedriver                        0x000000010464a8e0 chromedriver + 5806304
16  chromedriver                        0x000000010465d001 chromedriver + 5881857
17  libsystem_pthread.dylib             0x00007ff802ad6259 _pthread_start + 125
18  libsystem_pthread.dylib             0x00007ff802ad1c7b thread_start + 15
</msg>
<msg time="2025-08-10T13:47:20.164164" level="WARN">Keyword 'Capture Page Screenshot' could not be run on failure: Message: no such window: target window already closed
from unknown error: web view not found
  (Session info: chrome=139.0.7258.66)
Stacktrace:
0   chromedriver                        0x0000000104665e98 chromedriver + 5918360
1   chromedriver                        0x000000010465d42a chromedriver + 5882922
2   chromedriver                        0x0000000104129e20 chromedriver + 429600
3   chromedriver                        0x00000001040fe880 chromedriver + 252032
4   chromedriver                        0x00000001041aa0b8 chromedriver + 954552
5   chromedriver                        0x00000001041c8a2c chromedriver + 1079852
6   chromedriver                        0x00000001041a1ce3 chromedriver + 920803
7   chromedriver                        0x000000010416e29b chromedriver + 709275
8   chromedriver                        0x000000010416ef81 chromedriver + 712577
9   chromedriver                        0x0000000104622ba0 chromedriver + 5643168
10  chromedriver                        0x0000000104626a54 chromedriver + 5659220
11  chromedriver                        0x00000001045fe412 chromedriver + 5493778
12  chromedriver                        0x00000001046274ff chromedriver + 5661951
13  chromedriver                        0x00000001045ed3b4 chromedriver + 5424052
14  chromedriver                        0x000000010464a718 chromedriver + 5805848
15  chromedriver                        0x000000010464a8e0 chromedriver + 5806304
16  chromedriver                        0x000000010465d001 chromedriver + 5881857
17  libsystem_pthread.dylib             0x00007ff802ad6259 _pthread_start + 125
18  libsystem_pthread.dylib             0x00007ff802ad1c7b thread_start + 15
</msg>
<msg time="2025-08-10T13:47:20.185953" level="WARN">Keyword 'Capture Page Screenshot' could not be run on failure: Message: no such window: target window already closed
from unknown error: web view not found
  (Session info: chrome=139.0.7258.66)
Stacktrace:
0   chromedriver                        0x0000000104665e98 chromedriver + 5918360
1   chromedriver                        0x000000010465d42a chromedriver + 5882922
2   chromedriver                        0x0000000104129e20 chromedriver + 429600
3   chromedriver                        0x00000001040fe880 chromedriver + 252032
4   chromedriver                        0x00000001041aa0b8 chromedriver + 954552
5   chromedriver                        0x00000001041c8a2c chromedriver + 1079852
6   chromedriver                        0x00000001041a1ce3 chromedriver + 920803
7   chromedriver                        0x000000010416e29b chromedriver + 709275
8   chromedriver                        0x000000010416ef81 chromedriver + 712577
9   chromedriver                        0x0000000104622ba0 chromedriver + 5643168
10  chromedriver                        0x0000000104626a54 chromedriver + 5659220
11  chromedriver                        0x00000001045fe412 chromedriver + 5493778
12  chromedriver                        0x00000001046274ff chromedriver + 5661951
13  chromedriver                        0x00000001045ed3b4 chromedriver + 5424052
14  chromedriver                        0x000000010464a718 chromedriver + 5805848
15  chromedriver                        0x000000010464a8e0 chromedriver + 5806304
16  chromedriver                        0x000000010465d001 chromedriver + 5881857
17  libsystem_pthread.dylib             0x00007ff802ad6259 _pthread_start + 125
18  libsystem_pthread.dylib             0x00007ff802ad1c7b thread_start + 15
</msg>
<msg time="2025-08-10T13:47:20.211142" level="WARN">Keyword 'Capture Page Screenshot' could not be run on failure: Message: no such window: target window already closed
from unknown error: web view not found
  (Session info: chrome=139.0.7258.66)
Stacktrace:
0   chromedriver                        0x0000000104665e98 chromedriver + 5918360
1   chromedriver                        0x000000010465d42a chromedriver + 5882922
2   chromedriver                        0x0000000104129e20 chromedriver + 429600
3   chromedriver                        0x00000001040fe880 chromedriver + 252032
4   chromedriver                        0x00000001041aa0b8 chromedriver + 954552
5   chromedriver                        0x00000001041c8a2c chromedriver + 1079852
6   chromedriver                        0x00000001041a1ce3 chromedriver + 920803
7   chromedriver                        0x000000010416e29b chromedriver + 709275
8   chromedriver                        0x000000010416ef81 chromedriver + 712577
9   chromedriver                        0x0000000104622ba0 chromedriver + 5643168
10  chromedriver                        0x0000000104626a54 chromedriver + 5659220
11  chromedriver                        0x00000001045fe412 chromedriver + 5493778
12  chromedriver                        0x00000001046274ff chromedriver + 5661951
13  chromedriver                        0x00000001045ed3b4 chromedriver + 5424052
14  chromedriver                        0x000000010464a718 chromedriver + 5805848
15  chromedriver                        0x000000010464a8e0 chromedriver + 5806304
16  chromedriver                        0x000000010465d001 chromedriver + 5881857
17  libsystem_pthread.dylib             0x00007ff802ad6259 _pthread_start + 125
18  libsystem_pthread.dylib             0x00007ff802ad1c7b thread_start + 15
</msg>
<msg time="2025-08-10T13:47:20.272393" level="WARN">Keyword 'Capture Page Screenshot' could not be run on failure: Message: no such window: target window already closed
from unknown error: web view not found
  (Session info: chrome=139.0.7258.66)
Stacktrace:
0   chromedriver                        0x0000000104665e98 chromedriver + 5918360
1   chromedriver                        0x000000010465d42a chromedriver + 5882922
2   chromedriver                        0x0000000104129e20 chromedriver + 429600
3   chromedriver                        0x00000001040fe880 chromedriver + 252032
4   chromedriver                        0x00000001041aa0b8 chromedriver + 954552
5   chromedriver                        0x00000001041c8a2c chromedriver + 1079852
6   chromedriver                        0x00000001041a1ce3 chromedriver + 920803
7   chromedriver                        0x000000010416e29b chromedriver + 709275
8   chromedriver                        0x000000010416ef81 chromedriver + 712577
9   chromedriver                        0x0000000104622ba0 chromedriver + 5643168
10  chromedriver                        0x0000000104626a54 chromedriver + 5659220
11  chromedriver                        0x00000001045fe412 chromedriver + 5493778
12  chromedriver                        0x00000001046274ff chromedriver + 5661951
13  chromedriver                        0x00000001045ed3b4 chromedriver + 5424052
14  chromedriver                        0x000000010464a718 chromedriver + 5805848
15  chromedriver                        0x000000010464a8e0 chromedriver + 5806304
16  chromedriver                        0x000000010465d001 chromedriver + 5881857
17  libsystem_pthread.dylib             0x00007ff802ad6259 _pthread_start + 125
18  libsystem_pthread.dylib             0x00007ff802ad1c7b thread_start + 15
</msg>
<msg time="2025-08-10T13:47:20.299241" level="WARN">Keyword 'Capture Page Screenshot' could not be run on failure: Message: no such window: target window already closed
from unknown error: web view not found
  (Session info: chrome=139.0.7258.66)
Stacktrace:
0   chromedriver                        0x0000000104665e98 chromedriver + 5918360
1   chromedriver                        0x000000010465d42a chromedriver + 5882922
2   chromedriver                        0x0000000104129e20 chromedriver + 429600
3   chromedriver                        0x00000001040fe880 chromedriver + 252032
4   chromedriver                        0x00000001041aa0b8 chromedriver + 954552
5   chromedriver                        0x00000001041c8a2c chromedriver + 1079852
6   chromedriver                        0x00000001041a1ce3 chromedriver + 920803
7   chromedriver                        0x000000010416e29b chromedriver + 709275
8   chromedriver                        0x000000010416ef81 chromedriver + 712577
9   chromedriver                        0x0000000104622ba0 chromedriver + 5643168
10  chromedriver                        0x0000000104626a54 chromedriver + 5659220
11  chromedriver                        0x00000001045fe412 chromedriver + 5493778
12  chromedriver                        0x00000001046274ff chromedriver + 5661951
13  chromedriver                        0x00000001045ed3b4 chromedriver + 5424052
14  chromedriver                        0x000000010464a718 chromedriver + 5805848
15  chromedriver                        0x000000010464a8e0 chromedriver + 5806304
16  chromedriver                        0x000000010465d001 chromedriver + 5881857
17  libsystem_pthread.dylib             0x00007ff802ad6259 _pthread_start + 125
18  libsystem_pthread.dylib             0x00007ff802ad1c7b thread_start + 15
</msg>
</errors>
</robot>
