<?xml version="1.0" encoding="UTF-8"?>
<robot generator="Robot 7.2.2 (Python 3.10.9 on darwin)" generated="2026-03-18T16:26:31.185550" rpa="false" schemaversion="5">
<suite id="s1" name="Verify Fixed Agreement Delete" source="/Users/sreesrini/Desktop/Python_Work/FinalistenTesting/finalisten-robot-testing/FinalistenTestCases/project/verify_fixed_agreement_delete.robot">
<test id="s1-t1" name="Verify Fixed Agreement Delete Functionality" line="19">
<kw name="Open And Login" owner="LoginKeyword">
<kw name="Register Keyword To Run On Failure" owner="SeleniumLibrary">
<msg time="2026-03-18T16:26:31.707503" level="INFO">Capture Page Screenshot will be run on failure.</msg>
<arg>Capture Page Screenshot</arg>
<doc>Sets the keyword to execute, when a SeleniumLibrary keyword fails.</doc>
<status status="PASS" start="2026-03-18T16:26:31.707234" elapsed="0.000375"/>
</kw>
<kw name="Setup ChromeDriver Path" owner="LoginKeyword">
<kw name="Get Environment Variable" owner="OperatingSystem">
<msg time="2026-03-18T16:26:31.709725" level="INFO">${is_github_actions} = false</msg>
<var>${is_github_actions}</var>
<arg>GITHUB_ACTIONS</arg>
<arg>default=false</arg>
<doc>Returns the value of an environment variable with the given name.</doc>
<status status="PASS" start="2026-03-18T16:26:31.708721" elapsed="0.001328"/>
</kw>
<if>
<branch type="IF" condition="'${is_github_actions}' == 'true'">
<kw name="Log To Console" owner="BuiltIn">
<arg>\n--- CI DETECTED (GitHub Actions) ---</arg>
<doc>Logs the given message to the console.</doc>
<status status="NOT RUN" start="2026-03-18T16:26:31.710839" elapsed="0.000312"/>
</kw>
<kw name="Log To Console" owner="BuiltIn">
<arg>Bypassing local driver, relying on system PATH.</arg>
<doc>Logs the given message to the console.</doc>
<status status="NOT RUN" start="2026-03-18T16:26:31.711367" elapsed="0.000051"/>
</kw>
<return>
<value>${None}</value>
<status status="NOT RUN" start="2026-03-18T16:26:31.711508" elapsed="0.000055"/>
</return>
<status status="NOT RUN" start="2026-03-18T16:26:31.710420" elapsed="0.001216"/>
</branch>
<status status="PASS" start="2026-03-18T16:26:31.710364" elapsed="0.001328"/>
</if>
<kw name="Normalize Path" owner="OperatingSystem">
<msg time="2026-03-18T16:26:31.712183" level="INFO">${local_driver} = /Users/sreesrini/Desktop/Python_Work/FinalistenTesting/finalisten-robot-testing/chromedriver-mac-x64/chromedriver</msg>
<var>${local_driver}</var>
<arg>/Users/sreesrini/Desktop/Python_Work/FinalistenTesting/finalisten-robot-testing/FinalistenTestCases/keywords/../../chromedriver-mac-x64/chromedriver</arg>
<doc>Normalizes the given path.</doc>
<status status="PASS" start="2026-03-18T16:26:31.711852" elapsed="0.000388"/>
</kw>
<kw name="Run Keyword And Return Status" owner="BuiltIn">
<kw name="File Should Exist" owner="OperatingSystem">
<msg time="2026-03-18T16:26:31.713592" level="INFO" html="true">File '&lt;a href="file:///Users/sreesrini/Desktop/Python_Work/FinalistenTesting/finalisten-robot-testing/chromedriver-mac-x64/chromedriver"&gt;/Users/sreesrini/Desktop/Python_Work/FinalistenTesting/finalisten-robot-testing/chromedriver-mac-x64/chromedriver&lt;/a&gt;' exists.</msg>
<arg>${local_driver}</arg>
<doc>Fails unless the given ``path`` points to an existing file.</doc>
<status status="PASS" start="2026-03-18T16:26:31.713201" elapsed="0.000498"/>
</kw>
<msg time="2026-03-18T16:26:31.713913" level="INFO">${exists} = True</msg>
<var>${exists}</var>
<arg>File Should Exist</arg>
<arg>${local_driver}</arg>
<doc>Runs the given keyword with given arguments and returns the status as a Boolean value.</doc>
<status status="PASS" start="2026-03-18T16:26:31.712696" elapsed="0.001265"/>
</kw>
<if>
<branch type="IF" condition="${exists}">
<kw name="Log To Console" owner="BuiltIn">
<arg>\n--- LOCAL MAC DETECTED ---</arg>
<doc>Logs the given message to the console.</doc>
<status status="PASS" start="2026-03-18T16:26:31.714393" elapsed="0.000514"/>
</kw>
<kw name="Log To Console" owner="BuiltIn">
<arg>Using bundled driver: ${local_driver}</arg>
<doc>Logs the given message to the console.</doc>
<status status="PASS" start="2026-03-18T16:26:31.715182" elapsed="0.000550"/>
</kw>
<return>
<value>${local_driver}</value>
<status status="PASS" start="2026-03-18T16:26:31.715859" elapsed="0.000096"/>
</return>
<status status="PASS" start="2026-03-18T16:26:31.714119" elapsed="0.001911"/>
</branch>
<branch type="ELSE">
<kw name="Log To Console" owner="BuiltIn">
<arg>\n--- LOCAL ENVIRONMENT DETECTED (Driver Not Found) ---</arg>
<doc>Logs the given message to the console.</doc>
<status status="NOT RUN" start="2026-03-18T16:26:31.716296" elapsed="0.000053"/>
</kw>
<kw name="Log To Console" owner="BuiltIn">
<arg>⚠ Bundled driver not found at ${local_driver}. Falling back to system PATH.</arg>
<doc>Logs the given message to the console.</doc>
<status status="NOT RUN" start="2026-03-18T16:26:31.716533" elapsed="0.000048"/>
</kw>
<return>
<value>${None}</value>
<status status="NOT RUN" start="2026-03-18T16:26:31.716664" elapsed="0.000038"/>
</return>
<status status="NOT RUN" start="2026-03-18T16:26:31.716090" elapsed="0.000668"/>
</branch>
<status status="PASS" start="2026-03-18T16:26:31.714078" elapsed="0.002730"/>
</if>
<msg time="2026-03-18T16:26:31.717054" level="INFO">${path} = /Users/sreesrini/Desktop/Python_Work/FinalistenTesting/finalisten-robot-testing/chromedriver-mac-x64/chromedriver</msg>
<var>${path}</var>
<doc>Dynamically determines the correct ChromeDriver path.
Returns the path to the bundled Mac driver if running locally,
otherwise returns None to rely on the system PATH (CI).</doc>
<status status="PASS" start="2026-03-18T16:26:31.708073" elapsed="0.009032"/>
</kw>
<kw name="Open Browser" owner="SeleniumLibrary">
<msg time="2026-03-18T16:26:31.717908" level="WARN">exexcutable_path is being deprecated. Please use service to configure the driver's executable_path as per documentation.</msg>
<msg time="2026-03-18T16:26:31.718559" level="INFO">Opening browser 'chrome' to base url 'https://preproderp.finalisten.se/login/'.</msg>
<arg>${URL}</arg>
<arg>${BROWSER}</arg>
<arg>options=${CHROME_OPTIONS}</arg>
<arg>executable_path=${path}</arg>
<doc>Opens a new browser instance to the optional ``url``.</doc>
<status status="PASS" start="2026-03-18T16:26:31.717327" elapsed="4.068643"/>
</kw>
<kw name="Set Window Size" owner="SeleniumLibrary">
<arg>1920</arg>
<arg>1080</arg>
<doc>Sets current windows size to given ``width`` and ``height``.</doc>
<status status="PASS" start="2026-03-18T16:26:35.787854" elapsed="0.744597"/>
</kw>
<kw name="Maximize Browser Window" owner="SeleniumLibrary">
<doc>Maximizes current browser window.</doc>
<status status="PASS" start="2026-03-18T16:26:36.532807" elapsed="0.379074"/>
</kw>
<kw name="Set Selenium Implicit Wait" owner="SeleniumLibrary">
<arg>15s</arg>
<doc>Sets the implicit wait value used by Selenium.</doc>
<status status="PASS" start="2026-03-18T16:26:36.912462" elapsed="0.001774"/>
</kw>
<kw name="Set Selenium Timeout" owner="SeleniumLibrary">
<arg>60s</arg>
<doc>Sets the timeout that is used by various keywords.</doc>
<status status="PASS" start="2026-03-18T16:26:36.914488" elapsed="0.001526"/>
</kw>
<kw name="Sleep" owner="BuiltIn">
<msg time="2026-03-18T16:26:41.917259" level="INFO">Slept 5 seconds.</msg>
<arg>5s</arg>
<doc>Pauses the test executed for the given time.</doc>
<status status="PASS" start="2026-03-18T16:26:36.916301" elapsed="5.001200"/>
</kw>
<kw name="Force User Language To English" owner="DatabaseKeywords">
<msg time="2026-03-18T16:26:44.259247" level="INFO">Successfully forced language to English for erpadmin@finalisten.se</msg>
<arg>${USERNAME}</arg>
<doc>Directly updates the language_setting in the database for the given email.</doc>
<status status="PASS" start="2026-03-18T16:26:41.917917" elapsed="2.341505"/>
</kw>
<kw name="Handle SSL Warning" owner="LoginKeyword">
<kw name="Get WebElements" owner="SeleniumLibrary">
<msg time="2026-03-18T16:26:59.277580" level="INFO">${advanced_button} = []</msg>
<var>${advanced_button}</var>
<arg>xpath=//button[contains(text(),'Advanced')]</arg>
<doc>Returns a list of WebElement objects matching the ``locator``.</doc>
<status status="PASS" start="2026-03-18T16:26:44.261232" elapsed="15.016430"/>
</kw>
<kw name="Run Keyword If" owner="BuiltIn">
<arg>${advanced_button}</arg>
<arg>Click Button</arg>
<arg>xpath=//button[contains(text(),'Advanced')]</arg>
<doc>Runs the given keyword with the given arguments, if ``condition`` is true.</doc>
<status status="PASS" start="2026-03-18T16:26:59.278336" elapsed="0.000456"/>
</kw>
<kw name="Get WebElements" owner="SeleniumLibrary">
<msg time="2026-03-18T16:27:14.335962" level="INFO">${proceed_link} = []</msg>
<var>${proceed_link}</var>
<arg>xpath=//a[contains(text(),'Proceed')]</arg>
<doc>Returns a list of WebElement objects matching the ``locator``.</doc>
<status status="PASS" start="2026-03-18T16:26:59.279058" elapsed="15.056981"/>
</kw>
<kw name="Run Keyword If" owner="BuiltIn">
<arg>${proceed_link}</arg>
<arg>Click Element</arg>
<arg>xpath=//a[contains(text(),'Proceed')]</arg>
<doc>Runs the given keyword with the given arguments, if ``condition`` is true.</doc>
<status status="PASS" start="2026-03-18T16:27:14.336335" elapsed="0.000348"/>
</kw>
<status status="PASS" start="2026-03-18T16:26:44.260411" elapsed="30.076423"/>
</kw>
<kw name="Execute Javascript" owner="SeleniumLibrary">
<msg time="2026-03-18T16:27:14.337656" level="INFO">Executing JavaScript:
return document.readyState === 'complete'
Without any arguments.</msg>
<arg>return document.readyState === 'complete'</arg>
<doc>Executes the given JavaScript code with possible arguments.</doc>
<status status="PASS" start="2026-03-18T16:27:14.337116" elapsed="0.006670"/>
</kw>
<kw name="Sleep" owner="BuiltIn">
<msg time="2026-03-18T16:27:17.346335" level="INFO">Slept 3 seconds.</msg>
<arg>3s</arg>
<doc>Pauses the test executed for the given time.</doc>
<status status="PASS" start="2026-03-18T16:27:14.344059" elapsed="3.002615"/>
</kw>
<kw name="Wait Until Page Contains Element" owner="SeleniumLibrary">
<arg>xpath=//input[@name='username']</arg>
<arg>timeout=30s</arg>
<doc>Waits until the element ``locator`` appears on the current page.</doc>
<status status="PASS" start="2026-03-18T16:27:17.347183" elapsed="0.013587"/>
</kw>
<kw name="Input Text" owner="SeleniumLibrary">
<msg time="2026-03-18T16:27:17.361472" level="INFO">Typing text 'erpadmin@finalisten.se' into text field 'xpath=//input[@name='username']'.</msg>
<arg>xpath=//input[@name='username']</arg>
<arg>${USERNAME}</arg>
<doc>Types the given ``text`` into the text field identified by ``locator``.</doc>
<status status="PASS" start="2026-03-18T16:27:17.361077" elapsed="0.211330"/>
</kw>
<kw name="Wait Until Page Contains Element" owner="SeleniumLibrary">
<arg>xpath=//input[@name='password']</arg>
<arg>timeout=20s</arg>
<doc>Waits until the element ``locator`` appears on the current page.</doc>
<status status="PASS" start="2026-03-18T16:27:17.572774" elapsed="0.012370"/>
</kw>
<kw name="Input Text" owner="SeleniumLibrary">
<msg time="2026-03-18T16:27:17.585913" level="INFO">Typing text 'Djangocrm123' into text field 'xpath=//input[@name='password']'.</msg>
<arg>xpath=//input[@name='password']</arg>
<arg>${PASSWORD}</arg>
<doc>Types the given ``text`` into the text field identified by ``locator``.</doc>
<status status="PASS" start="2026-03-18T16:27:17.585470" elapsed="0.100099"/>
</kw>
<kw name="Click Button" owner="SeleniumLibrary">
<msg time="2026-03-18T16:27:17.687136" level="INFO">Clicking button 'xpath=//button[@type='submit' and contains(@class,'btn-primary') and contains(@class,'btn-block')]'.</msg>
<arg>${LOGIN_BUTTON}</arg>
<doc>Clicks the button identified by ``locator``.</doc>
<status status="PASS" start="2026-03-18T16:27:17.686133" elapsed="0.109873"/>
</kw>
<kw name="Wait Until Location Contains" owner="SeleniumLibrary">
<arg>${HOMEPAGE_URL}</arg>
<arg>timeout=30s</arg>
<doc>Waits until the current URL contains ``expected``.</doc>
<status status="PASS" start="2026-03-18T16:27:17.796330" elapsed="2.643389"/>
</kw>
<kw name="Sleep" owner="BuiltIn">
<msg time="2026-03-18T16:27:28.440717" level="INFO">Slept 8 seconds.</msg>
<arg>8s</arg>
<doc>Pauses the test executed for the given time.</doc>
<status status="PASS" start="2026-03-18T16:27:20.440006" elapsed="8.001128"/>
</kw>
<kw name="Execute Javascript" owner="SeleniumLibrary">
<msg time="2026-03-18T16:27:28.442095" level="INFO">Executing JavaScript:
return document.readyState === 'complete'
Without any arguments.</msg>
<arg>return document.readyState === 'complete'</arg>
<doc>Executes the given JavaScript code with possible arguments.</doc>
<status status="PASS" start="2026-03-18T16:27:28.441473" elapsed="0.006242"/>
</kw>
<kw name="Execute Javascript" owner="SeleniumLibrary">
<msg time="2026-03-18T16:27:28.448704" level="INFO">Executing JavaScript:
window.scrollTo(0, 0);
Without any arguments.</msg>
<arg>window.scrollTo(0, 0);</arg>
<doc>Executes the given JavaScript code with possible arguments.</doc>
<status status="PASS" start="2026-03-18T16:27:28.448016" elapsed="0.005886"/>
</kw>
<kw name="Sleep" owner="BuiltIn">
<msg time="2026-03-18T16:27:30.455298" level="INFO">Slept 2 seconds.</msg>
<arg>2s</arg>
<doc>Pauses the test executed for the given time.</doc>
<status status="PASS" start="2026-03-18T16:27:28.454214" elapsed="2.001381"/>
</kw>
<kw name="Run Keyword And Return Status" owner="BuiltIn">
<kw name="Element Should Be Visible" owner="SeleniumLibrary">
<msg time="2026-03-18T16:27:30.483426" level="INFO">Element 'id=register' is displayed.</msg>
<arg>id=register</arg>
<doc>Verifies that the element identified by ``locator`` is visible.</doc>
<status status="PASS" start="2026-03-18T16:27:30.456596" elapsed="0.026983"/>
</kw>
<msg time="2026-03-18T16:27:30.483804" level="INFO">${is_visible} = True</msg>
<var>${is_visible}</var>
<arg>Element Should Be Visible</arg>
<arg>id=register</arg>
<doc>Runs the given keyword with given arguments and returns the status as a Boolean value.</doc>
<status status="PASS" start="2026-03-18T16:27:30.456119" elapsed="0.027733"/>
</kw>
<if>
<branch type="IF" condition="not ${is_visible}">
<kw name="Log To Console" owner="BuiltIn">
<arg>Register menu not visible, trying fallback approaches...</arg>
<doc>Logs the given message to the console.</doc>
<status status="NOT RUN" start="2026-03-18T16:27:30.484720" elapsed="0.000074"/>
</kw>
<kw name="Run Keyword And Return Status" owner="BuiltIn">
<var>${toggler_exists}</var>
<arg>Page Should Contain Element</arg>
<arg>css=.navbar-toggler</arg>
<doc>Runs the given keyword with given arguments and returns the status as a Boolean value.</doc>
<status status="NOT RUN" start="2026-03-18T16:27:30.485008" elapsed="0.000050"/>
</kw>
<if>
<branch type="IF" condition="${toggler_exists}">
<kw name="Run Keyword And Return Status" owner="BuiltIn">
<var>${toggler_visible}</var>
<arg>Element Should Be Visible</arg>
<arg>css=.navbar-toggler</arg>
<doc>Runs the given keyword with given arguments and returns the status as a Boolean value.</doc>
<status status="NOT RUN" start="2026-03-18T16:27:30.485370" elapsed="0.000047"/>
</kw>
<if>
<branch type="IF" condition="${toggler_visible}">
<kw name="Click Element" owner="SeleniumLibrary">
<arg>css=.navbar-toggler</arg>
<doc>Click the element identified by ``locator``.</doc>
<status status="NOT RUN" start="2026-03-18T16:27:30.485714" elapsed="0.000056"/>
</kw>
<kw name="Sleep" owner="BuiltIn">
<arg>3s</arg>
<doc>Pauses the test executed for the given time.</doc>
<status status="NOT RUN" start="2026-03-18T16:27:30.485927" elapsed="0.000045"/>
</kw>
<status status="NOT RUN" start="2026-03-18T16:27:30.485547" elapsed="0.000491"/>
</branch>
<status status="NOT RUN" start="2026-03-18T16:27:30.485517" elapsed="0.000583"/>
</if>
<status status="NOT RUN" start="2026-03-18T16:27:30.485200" elapsed="0.000938"/>
</branch>
<status status="NOT RUN" start="2026-03-18T16:27:30.485166" elapsed="0.001020"/>
</if>
<kw name="Execute Javascript" owner="SeleniumLibrary">
<arg>var el = document.getElementById('register'); if(el) el.scrollIntoView({behavior: 'smooth', block: 'center'});</arg>
<doc>Executes the given JavaScript code with possible arguments.</doc>
<status status="NOT RUN" start="2026-03-18T16:27:30.486322" elapsed="0.000047"/>
</kw>
<kw name="Sleep" owner="BuiltIn">
<arg>2s</arg>
<doc>Pauses the test executed for the given time.</doc>
<status status="NOT RUN" start="2026-03-18T16:27:30.486520" elapsed="0.000142"/>
</kw>
<status status="NOT RUN" start="2026-03-18T16:27:30.484134" elapsed="0.002601"/>
</branch>
<status status="PASS" start="2026-03-18T16:27:30.484035" elapsed="0.002756"/>
</if>
<kw name="Wait Until Page Contains Element" owner="SeleniumLibrary">
<arg>id=register</arg>
<arg>timeout=30s</arg>
<doc>Waits until the element ``locator`` appears on the current page.</doc>
<status status="PASS" start="2026-03-18T16:27:30.486943" elapsed="0.009626"/>
</kw>
<kw name="Sleep" owner="BuiltIn">
<msg time="2026-03-18T16:27:33.501897" level="INFO">Slept 3 seconds.</msg>
<arg>3s</arg>
<doc>Pauses the test executed for the given time.</doc>
<status status="PASS" start="2026-03-18T16:27:30.496856" elapsed="3.020425"/>
</kw>
<status status="PASS" start="2026-03-18T16:26:31.705866" elapsed="61.812059"/>
</kw>
<kw name="Navigate To Project Edit Page">
<kw name="Hover Over Production Menu">
<kw name="Wait Until Page Contains Element" owner="SeleniumLibrary">
<arg>${PRODUCTION_MENU}</arg>
<arg>timeout=20s</arg>
<doc>Waits until the element ``locator`` appears on the current page.</doc>
<status status="PASS" start="2026-03-18T16:27:33.530082" elapsed="0.045312"/>
</kw>
<kw name="Execute Javascript" owner="SeleniumLibrary">
<msg time="2026-03-18T16:27:33.578373" level="INFO">Executing JavaScript:
var el = document.getElementById('production'); if(el) el.scrollIntoView({behavior: 'smooth', block: 'center'});
Without any arguments.</msg>
<arg>var el = document.getElementById('production'); if(el) el.scrollIntoView({behavior: 'smooth', block: 'center'});</arg>
<doc>Executes the given JavaScript code with possible arguments.</doc>
<status status="PASS" start="2026-03-18T16:27:33.576728" elapsed="0.020168"/>
</kw>
<kw name="Sleep" owner="BuiltIn">
<msg time="2026-03-18T16:27:35.599197" level="INFO">Slept 2 seconds.</msg>
<arg>2s</arg>
<doc>Pauses the test executed for the given time.</doc>
<status status="PASS" start="2026-03-18T16:27:33.598430" elapsed="2.001165"/>
</kw>
<kw name="Wait Until Element Is Visible" owner="SeleniumLibrary">
<arg>${PRODUCTION_MENU}</arg>
<arg>timeout=15s</arg>
<doc>Waits until the element ``locator`` is visible.</doc>
<status status="PASS" start="2026-03-18T16:27:35.600018" elapsed="0.015585"/>
</kw>
<kw name="Click Element" owner="SeleniumLibrary">
<msg time="2026-03-18T16:27:35.616263" level="INFO">Clicking element 'xpath=//*[@id="production"]'.</msg>
<arg>${PRODUCTION_MENU}</arg>
<doc>Click the element identified by ``locator``.</doc>
<status status="PASS" start="2026-03-18T16:27:35.615901" elapsed="0.083077"/>
</kw>
<kw name="Sleep" owner="BuiltIn">
<msg time="2026-03-18T16:27:36.701333" level="INFO">Slept 1 second.</msg>
<arg>1s</arg>
<doc>Pauses the test executed for the given time.</doc>
<status status="PASS" start="2026-03-18T16:27:35.699253" elapsed="1.002309"/>
</kw>
<status status="PASS" start="2026-03-18T16:27:33.528168" elapsed="3.173660"/>
</kw>
<kw name="Click On Project Menu">
<kw name="Wait Until Element Is Visible" owner="SeleniumLibrary">
<arg>${PROJECT_MENU}</arg>
<arg>timeout=15s</arg>
<doc>Waits until the element ``locator`` is visible.</doc>
<status status="PASS" start="2026-03-18T16:27:36.702853" elapsed="0.020556"/>
</kw>
<kw name="Click Element" owner="SeleniumLibrary">
<msg time="2026-03-18T16:27:36.724054" level="INFO">Clicking element 'xpath=//*[@id="project_app_menu"]'.</msg>
<arg>${PROJECT_MENU}</arg>
<doc>Click the element identified by ``locator``.</doc>
<status status="PASS" start="2026-03-18T16:27:36.723701" elapsed="2.358981"/>
</kw>
<kw name="Run Keyword And Return Status" owner="BuiltIn">
<kw name="Wait Until Location Contains" owner="SeleniumLibrary">
<arg>${PROJECT_LIST_URL}</arg>
<arg>timeout=5s</arg>
<doc>Waits until the current URL contains ``expected``.</doc>
<status status="PASS" start="2026-03-18T16:27:39.087116" elapsed="0.007850"/>
</kw>
<msg time="2026-03-18T16:27:39.095775" level="INFO">${status} = True</msg>
<var>${status}</var>
<arg>Wait Until Location Contains</arg>
<arg>${PROJECT_LIST_URL}</arg>
<arg>timeout=5s</arg>
<doc>Runs the given keyword with given arguments and returns the status as a Boolean value.</doc>
<status status="PASS" start="2026-03-18T16:27:39.086658" elapsed="0.009198"/>
</kw>
<if>
<branch type="IF" condition="not ${status}">
<kw name="Execute Javascript" owner="SeleniumLibrary">
<arg>document.getElementById('project_app_menu').click();</arg>
<doc>Executes the given JavaScript code with possible arguments.</doc>
<status status="NOT RUN" start="2026-03-18T16:27:39.096418" elapsed="0.000060"/>
</kw>
<status status="NOT RUN" start="2026-03-18T16:27:39.096072" elapsed="0.000479"/>
</branch>
<status status="PASS" start="2026-03-18T16:27:39.096013" elapsed="0.000598"/>
</if>
<status status="PASS" start="2026-03-18T16:27:36.702292" elapsed="2.394409"/>
</kw>
<kw name="Wait Until Location Contains" owner="SeleniumLibrary">
<arg>${PROJECT_LIST_URL}</arg>
<arg>timeout=15s</arg>
<doc>Waits until the current URL contains ``expected``.</doc>
<status status="PASS" start="2026-03-18T16:27:39.096875" elapsed="0.005344"/>
</kw>
<kw name="Run Keyword And Return Status" owner="BuiltIn">
<kw name="Wait Until Element Is Visible" owner="SeleniumLibrary">
<arg>${PROJECT_ROW}</arg>
<arg>timeout=15s</arg>
<doc>Waits until the element ``locator`` is visible.</doc>
<status status="PASS" start="2026-03-18T16:27:39.102973" elapsed="0.036244"/>
</kw>
<msg time="2026-03-18T16:27:39.139648" level="INFO">${row_exists} = True</msg>
<var>${row_exists}</var>
<arg>Wait Until Element Is Visible</arg>
<arg>${PROJECT_ROW}</arg>
<arg>timeout=15s</arg>
<doc>Runs the given keyword with given arguments and returns the status as a Boolean value.</doc>
<status status="PASS" start="2026-03-18T16:27:39.102532" elapsed="0.037186"/>
</kw>
<if>
<branch type="IF" condition="${row_exists}">
<kw name="Get WebElement" owner="SeleniumLibrary">
<msg time="2026-03-18T16:27:39.151470" level="INFO">${row} = &lt;selenium.webdriver.remote.webelement.WebElement (session="cc845644a8f33cdc5d26f2e5bf10c210", element="f.F170B2FBB863892DDAFBC93FDC52F0E2.d.A4FA09A39B5A0307294064DC0234AC95.e.94")&gt;</msg>
<var>${row}</var>
<arg>${PROJECT_ROW}</arg>
<doc>Returns the first WebElement matching the given ``locator``.</doc>
<status status="PASS" start="2026-03-18T16:27:39.140367" elapsed="0.011188"/>
</kw>
<kw name="Execute Javascript" owner="SeleniumLibrary">
<msg time="2026-03-18T16:27:39.152950" level="INFO">Executing JavaScript:
arguments[0].scrollIntoView({behavior: 'smooth', block: 'center'});
By using argument:
'&lt;selenium.webdriver.remote.webelement.WebElement (session="cc845644a8f33cdc5d26f2e5bf10c210", element="f.F170B2FBB863892DDAFBC93FDC52F0E2.d.A4FA09A39B5A0307294064DC0234AC95.e.94")&gt;'</msg>
<arg>arguments[0].scrollIntoView({behavior: 'smooth', block: 'center'});</arg>
<arg>ARGUMENTS</arg>
<arg>${row}</arg>
<doc>Executes the given JavaScript code with possible arguments.</doc>
<status status="PASS" start="2026-03-18T16:27:39.151973" elapsed="0.009422"/>
</kw>
<kw name="Sleep" owner="BuiltIn">
<msg time="2026-03-18T16:27:40.162684" level="INFO">Slept 1 second.</msg>
<arg>1s</arg>
<doc>Pauses the test executed for the given time.</doc>
<status status="PASS" start="2026-03-18T16:27:39.161827" elapsed="1.001071"/>
</kw>
<kw name="Double Click Element" owner="SeleniumLibrary">
<msg time="2026-03-18T16:27:40.163806" level="INFO">Double clicking element 'css=tr.project_rows'.</msg>
<arg>${PROJECT_ROW}</arg>
<doc>Double clicks the element identified by ``locator``.</doc>
<status status="PASS" start="2026-03-18T16:27:40.163289" elapsed="6.733913"/>
</kw>
<kw name="Wait Until Page Contains" owner="SeleniumLibrary">
<arg>${PROJECT_EDIT_TEXT}</arg>
<arg>timeout=30s</arg>
<doc>Waits until ``text`` appears on the current page.</doc>
<status status="PASS" start="2026-03-18T16:27:46.898176" elapsed="0.033546"/>
</kw>
<status status="PASS" start="2026-03-18T16:27:39.139917" elapsed="7.791944"/>
</branch>
<branch type="ELSE">
<kw name="Fail" owner="BuiltIn">
<arg>Failed to find project records on the project list page (${PROJECT_LIST_URL}).</arg>
<doc>Fails the test with the given message and optionally alters its tags.</doc>
<status status="NOT RUN" start="2026-03-18T16:27:46.932171" elapsed="0.000156"/>
</kw>
<status status="NOT RUN" start="2026-03-18T16:27:46.931938" elapsed="0.000469"/>
</branch>
<status status="PASS" start="2026-03-18T16:27:39.139868" elapsed="7.792771"/>
</if>
<status status="PASS" start="2026-03-18T16:27:33.525461" elapsed="13.407293"/>
</kw>
<kw name="Open Fixed Agreements Tab">
<kw name="Wait Until Element Is Visible" owner="SeleniumLibrary">
<arg>${FIXED_AGREEMENTS_TAB}</arg>
<arg>timeout=20s</arg>
<doc>Waits until the element ``locator`` is visible.</doc>
<status status="PASS" start="2026-03-18T16:27:46.933900" elapsed="0.033310"/>
</kw>
<kw name="Get WebElement" owner="SeleniumLibrary">
<msg time="2026-03-18T16:27:46.987509" level="INFO">${tab_el} = &lt;selenium.webdriver.remote.webelement.WebElement (session="cc845644a8f33cdc5d26f2e5bf10c210", element="f.F170B2FBB863892DDAFBC93FDC52F0E2.d.98BA99BF65AD3B07BCEA4DBE4BC7F25E.e.280")&gt;</msg>
<var>${tab_el}</var>
<arg>${FIXED_AGREEMENTS_TAB}</arg>
<doc>Returns the first WebElement matching the given ``locator``.</doc>
<status status="PASS" start="2026-03-18T16:27:46.967690" elapsed="0.019900"/>
</kw>
<kw name="Execute Javascript" owner="SeleniumLibrary">
<msg time="2026-03-18T16:27:46.988674" level="INFO">Executing JavaScript:
arguments[0].scrollIntoView({behavior: 'smooth', block: 'center'});
By using argument:
'&lt;selenium.webdriver.remote.webelement.WebElement (session="cc845644a8f33cdc5d26f2e5bf10c210", element="f.F170B2FBB863892DDAFBC93FDC52F0E2.d.98BA99BF65AD3B07BCEA4DBE4BC7F25E.e.280")&gt;'</msg>
<arg>arguments[0].scrollIntoView({behavior: 'smooth', block: 'center'});</arg>
<arg>ARGUMENTS</arg>
<arg>${tab_el}</arg>
<doc>Executes the given JavaScript code with possible arguments.</doc>
<status status="PASS" start="2026-03-18T16:27:46.987862" elapsed="0.010646"/>
</kw>
<kw name="Sleep" owner="BuiltIn">
<msg time="2026-03-18T16:27:48.000498" level="INFO">Slept 1 second.</msg>
<arg>1s</arg>
<doc>Pauses the test executed for the given time.</doc>
<status status="PASS" start="2026-03-18T16:27:46.998802" elapsed="1.001882"/>
</kw>
<kw name="Run Keyword And Return Status" owner="BuiltIn">
<kw name="Element Should Be Visible" owner="SeleniumLibrary">
<msg time="2026-03-18T16:27:48.288230" level="INFO" html="true">&lt;/td&gt;&lt;/tr&gt;&lt;tr&gt;&lt;td colspan="3"&gt;&lt;a href="selenium-screenshot-191.png"&gt;&lt;img src="selenium-screenshot-191.png" width="800px"&gt;&lt;/a&gt;</msg>
<msg time="2026-03-18T16:27:48.288517" level="FAIL">The element 'id=fixed_agreement_table_div' should be visible, but it is not.</msg>
<arg>id=fixed_agreement_table_div</arg>
<doc>Verifies that the element identified by ``locator`` is visible.</doc>
<status status="FAIL" start="2026-03-18T16:27:48.001372" elapsed="0.293627">The element 'id=fixed_agreement_table_div' should be visible, but it is not.</status>
</kw>
<msg time="2026-03-18T16:27:48.295312" level="INFO">${is_expanded} = False</msg>
<var>${is_expanded}</var>
<arg>Element Should Be Visible</arg>
<arg>id=fixed_agreement_table_div</arg>
<doc>Runs the given keyword with given arguments and returns the status as a Boolean value.</doc>
<status status="PASS" start="2026-03-18T16:27:48.000999" elapsed="0.294381"/>
</kw>
<if>
<branch type="IF" condition="not ${is_expanded}">
<kw name="Execute Javascript" owner="SeleniumLibrary">
<msg time="2026-03-18T16:27:48.296472" level="INFO">Executing JavaScript:
arguments[0].click();
By using argument:
'&lt;selenium.webdriver.remote.webelement.WebElement (session="cc845644a8f33cdc5d26f2e5bf10c210", element="f.F170B2FBB863892DDAFBC93FDC52F0E2.d.98BA99BF65AD3B07BCEA4DBE4BC7F25E.e.280")&gt;'</msg>
<arg>arguments[0].click();</arg>
<arg>ARGUMENTS</arg>
<arg>${tab_el}</arg>
<doc>Executes the given JavaScript code with possible arguments.</doc>
<status status="PASS" start="2026-03-18T16:27:48.295917" elapsed="0.033448"/>
</kw>
<kw name="Sleep" owner="BuiltIn">
<msg time="2026-03-18T16:27:51.332154" level="INFO">Slept 3 seconds.</msg>
<arg>3s</arg>
<doc>Pauses the test executed for the given time.</doc>
<status status="PASS" start="2026-03-18T16:27:48.329821" elapsed="3.002638"/>
</kw>
<status status="PASS" start="2026-03-18T16:27:48.295570" elapsed="3.037113"/>
</branch>
<status status="PASS" start="2026-03-18T16:27:48.295525" elapsed="3.037303"/>
</if>
<kw name="Wait Until Element Is Visible" owner="SeleniumLibrary">
<arg>id=fixed_agreement_table_div</arg>
<arg>timeout=10s</arg>
<doc>Waits until the element ``locator`` is visible.</doc>
<status status="PASS" start="2026-03-18T16:27:51.333123" elapsed="0.016442"/>
</kw>
<kw name="Log To Console" owner="BuiltIn">
<arg>✓ Fixed Agreements section expanded.</arg>
<doc>Logs the given message to the console.</doc>
<status status="PASS" start="2026-03-18T16:27:51.349854" elapsed="0.000310"/>
</kw>
<status status="PASS" start="2026-03-18T16:27:46.933421" elapsed="4.416887"/>
</kw>
<kw name="Execute Javascript" owner="SeleniumLibrary">
<msg time="2026-03-18T16:27:51.351025" level="INFO">Executing JavaScript:
return document.getElementById('formid').getAttribute('project-record-id');
Without any arguments.</msg>
<msg time="2026-03-18T16:27:51.359992" level="INFO">${project_id} = 1069</msg>
<var>${project_id}</var>
<arg>return document.getElementById('formid').getAttribute('project-record-id');</arg>
<doc>Executes the given JavaScript code with possible arguments.</doc>
<status status="PASS" start="2026-03-18T16:27:51.350588" elapsed="0.009482"/>
</kw>
<if>
<branch type="IF" condition="not '${project_id}'">
<kw name="Get Location" owner="SeleniumLibrary">
<var>${current_url}</var>
<doc>Returns the current browser window URL.</doc>
<status status="NOT RUN" start="2026-03-18T16:27:51.361321" elapsed="0.000062"/>
</kw>
<kw name="Extract Project ID From URL">
<var>${project_id}</var>
<arg>${current_url}</arg>
<status status="NOT RUN" start="2026-03-18T16:27:51.361666" elapsed="0.000057"/>
</kw>
<status status="NOT RUN" start="2026-03-18T16:27:51.360916" elapsed="0.000884"/>
</branch>
<status status="PASS" start="2026-03-18T16:27:51.360856" elapsed="0.001007"/>
</if>
<kw name="Log To Console" owner="BuiltIn">
<arg>\nCreating a test fixed agreement for project ID ${project_id} via DB...</arg>
<doc>Logs the given message to the console.</doc>
<status status="PASS" start="2026-03-18T16:27:51.362327" elapsed="0.000563"/>
</kw>
<kw name="Create Fixed Agreement" owner="DatabaseKeywords">
<msg time="2026-03-18T16:27:53.960851" level="INFO">Successfully created fixed agreement 3422 for project 1069</msg>
<msg time="2026-03-18T16:27:53.961135" level="INFO">${agreement_id} = 3422</msg>
<var>${agreement_id}</var>
<arg>${project_id}</arg>
<doc>Creates a fixed agreement for a given project directly in the DB.</doc>
<status status="PASS" start="2026-03-18T16:27:51.363310" elapsed="2.597898"/>
</kw>
<kw name="Run Keyword If" owner="BuiltIn">
<arg>not '${agreement_id}'</arg>
<arg>Fail</arg>
<arg>Failed to create fixed agreement in DB.</arg>
<doc>Runs the given keyword with the given arguments, if ``condition`` is true.</doc>
<status status="PASS" start="2026-03-18T16:27:53.962052" elapsed="0.000459"/>
</kw>
<kw name="Reload Page" owner="SeleniumLibrary">
<doc>Simulates user reloading page.</doc>
<status status="PASS" start="2026-03-18T16:27:53.962967" elapsed="7.124366"/>
</kw>
<kw name="Wait Until Page Contains" owner="SeleniumLibrary">
<arg>${PROJECT_EDIT_TEXT}</arg>
<arg>timeout=30s</arg>
<doc>Waits until ``text`` appears on the current page.</doc>
<status status="PASS" start="2026-03-18T16:28:01.088150" elapsed="0.066203"/>
</kw>
<kw name="Sleep" owner="BuiltIn">
<msg time="2026-03-18T16:28:04.158930" level="INFO">Slept 3 seconds.</msg>
<arg>3s</arg>
<doc>Pauses the test executed for the given time.</doc>
<status status="PASS" start="2026-03-18T16:28:01.155666" elapsed="3.003734"/>
</kw>
<kw name="Open Fixed Agreements Tab">
<kw name="Wait Until Element Is Visible" owner="SeleniumLibrary">
<arg>${FIXED_AGREEMENTS_TAB}</arg>
<arg>timeout=20s</arg>
<doc>Waits until the element ``locator`` is visible.</doc>
<status status="PASS" start="2026-03-18T16:28:04.160947" elapsed="0.019395"/>
</kw>
<kw name="Get WebElement" owner="SeleniumLibrary">
<msg time="2026-03-18T16:28:04.197199" level="INFO">${tab_el} = &lt;selenium.webdriver.remote.webelement.WebElement (session="cc845644a8f33cdc5d26f2e5bf10c210", element="f.F170B2FBB863892DDAFBC93FDC52F0E2.d.3F1C738741635CBCE2B1C59CBC111570.e.449")&gt;</msg>
<var>${tab_el}</var>
<arg>${FIXED_AGREEMENTS_TAB}</arg>
<doc>Returns the first WebElement matching the given ``locator``.</doc>
<status status="PASS" start="2026-03-18T16:28:04.182911" elapsed="0.014401"/>
</kw>
<kw name="Execute Javascript" owner="SeleniumLibrary">
<msg time="2026-03-18T16:28:04.198338" level="INFO">Executing JavaScript:
arguments[0].scrollIntoView({behavior: 'smooth', block: 'center'});
By using argument:
'&lt;selenium.webdriver.remote.webelement.WebElement (session="cc845644a8f33cdc5d26f2e5bf10c210", element="f.F170B2FBB863892DDAFBC93FDC52F0E2.d.3F1C738741635CBCE2B1C59CBC111570.e.449")&gt;'</msg>
<arg>arguments[0].scrollIntoView({behavior: 'smooth', block: 'center'});</arg>
<arg>ARGUMENTS</arg>
<arg>${tab_el}</arg>
<doc>Executes the given JavaScript code with possible arguments.</doc>
<status status="PASS" start="2026-03-18T16:28:04.197657" elapsed="0.009245"/>
</kw>
<kw name="Sleep" owner="BuiltIn">
<msg time="2026-03-18T16:28:05.209050" level="INFO">Slept 1 second.</msg>
<arg>1s</arg>
<doc>Pauses the test executed for the given time.</doc>
<status status="PASS" start="2026-03-18T16:28:04.207234" elapsed="1.002347"/>
</kw>
<kw name="Run Keyword And Return Status" owner="BuiltIn">
<kw name="Element Should Be Visible" owner="SeleniumLibrary">
<msg time="2026-03-18T16:28:05.454866" level="INFO" html="true">&lt;/td&gt;&lt;/tr&gt;&lt;tr&gt;&lt;td colspan="3"&gt;&lt;a href="selenium-screenshot-192.png"&gt;&lt;img src="selenium-screenshot-192.png" width="800px"&gt;&lt;/a&gt;</msg>
<msg time="2026-03-18T16:28:05.455076" level="FAIL">The element 'id=fixed_agreement_table_div' should be visible, but it is not.</msg>
<arg>id=fixed_agreement_table_div</arg>
<doc>Verifies that the element identified by ``locator`` is visible.</doc>
<status status="FAIL" start="2026-03-18T16:28:05.210536" elapsed="0.244784">The element 'id=fixed_agreement_table_div' should be visible, but it is not.</status>
</kw>
<msg time="2026-03-18T16:28:05.455524" level="INFO">${is_expanded} = False</msg>
<var>${is_expanded}</var>
<arg>Element Should Be Visible</arg>
<arg>id=fixed_agreement_table_div</arg>
<doc>Runs the given keyword with given arguments and returns the status as a Boolean value.</doc>
<status status="PASS" start="2026-03-18T16:28:05.210057" elapsed="0.245515"/>
</kw>
<if>
<branch type="IF" condition="not ${is_expanded}">
<kw name="Execute Javascript" owner="SeleniumLibrary">
<msg time="2026-03-18T16:28:05.456611" level="INFO">Executing JavaScript:
arguments[0].click();
By using argument:
'&lt;selenium.webdriver.remote.webelement.WebElement (session="cc845644a8f33cdc5d26f2e5bf10c210", element="f.F170B2FBB863892DDAFBC93FDC52F0E2.d.3F1C738741635CBCE2B1C59CBC111570.e.449")&gt;'</msg>
<arg>arguments[0].click();</arg>
<arg>ARGUMENTS</arg>
<arg>${tab_el}</arg>
<doc>Executes the given JavaScript code with possible arguments.</doc>
<status status="PASS" start="2026-03-18T16:28:05.456069" elapsed="0.023842"/>
</kw>
<kw name="Sleep" owner="BuiltIn">
<msg time="2026-03-18T16:28:08.480822" level="INFO">Slept 3 seconds.</msg>
<arg>3s</arg>
<doc>Pauses the test executed for the given time.</doc>
<status status="PASS" start="2026-03-18T16:28:05.480202" elapsed="3.000789"/>
</kw>
<status status="PASS" start="2026-03-18T16:28:05.455737" elapsed="3.025458"/>
</branch>
<status status="PASS" start="2026-03-18T16:28:05.455695" elapsed="3.025598"/>
</if>
<kw name="Wait Until Element Is Visible" owner="SeleniumLibrary">
<arg>id=fixed_agreement_table_div</arg>
<arg>timeout=10s</arg>
<doc>Waits until the element ``locator`` is visible.</doc>
<status status="PASS" start="2026-03-18T16:28:08.481510" elapsed="0.017454"/>
</kw>
<kw name="Log To Console" owner="BuiltIn">
<arg>✓ Fixed Agreements section expanded.</arg>
<doc>Logs the given message to the console.</doc>
<status status="PASS" start="2026-03-18T16:28:08.499381" elapsed="0.000332"/>
</kw>
<status status="PASS" start="2026-03-18T16:28:04.160367" elapsed="4.339613"/>
</kw>
<kw name="Set Variable" owner="BuiltIn">
<msg time="2026-03-18T16:28:08.500707" level="INFO">${row_locator} = xpath=//tr[td[contains(., 'Auto Test Agreement')]]</msg>
<var>${row_locator}</var>
<arg>xpath=//tr[td[contains(., 'Auto Test Agreement')]]</arg>
<doc>Returns the given values which can then be assigned to a variables.</doc>
<status status="PASS" start="2026-03-18T16:28:08.500393" elapsed="0.000372"/>
</kw>
<kw name="Set Variable" owner="BuiltIn">
<msg time="2026-03-18T16:28:08.501475" level="INFO">${delete_btn_locator} = xpath=//tr[td[contains(., 'Auto Test Agreement')]]//button[contains(@id, 'fixed_agreement_remove') or contains(@title, 'Delete') or contains(@title, 'Ta bort')]</msg>
<var>${delete_btn_locator}</var>
<arg>${row_locator}//button[contains(@id, 'fixed_agreement_remove') or contains(@title, 'Delete') or contains(@title, 'Ta bort')]</arg>
<doc>Returns the given values which can then be assigned to a variables.</doc>
<status status="PASS" start="2026-03-18T16:28:08.501074" elapsed="0.000458"/>
</kw>
<kw name="Run Keyword And Return Status" owner="BuiltIn">
<kw name="Page Should Contain Element" owner="SeleniumLibrary">
<msg time="2026-03-18T16:28:08.540924" level="INFO">Current page contains element 'xpath=//tr[td[contains(., 'Auto Test Agreement')]]'.</msg>
<arg>${row_locator}</arg>
<doc>Verifies that element ``locator`` is found on the current page.</doc>
<status status="PASS" start="2026-03-18T16:28:08.503712" elapsed="0.037362"/>
</kw>
<msg time="2026-03-18T16:28:08.541276" level="INFO">${present} = True</msg>
<var>${present}</var>
<arg>Page Should Contain Element</arg>
<arg>${row_locator}</arg>
<doc>Runs the given keyword with given arguments and returns the status as a Boolean value.</doc>
<status status="PASS" start="2026-03-18T16:28:08.502038" elapsed="0.039286"/>
</kw>
<if>
<branch type="IF" condition="not ${present}">
<kw name="Log To Console" owner="BuiltIn">
<arg>⚠ Row for 'Auto Test Agreement' not found in DOM!</arg>
<doc>Logs the given message to the console.</doc>
<status status="NOT RUN" start="2026-03-18T16:28:08.542106" elapsed="0.000067"/>
</kw>
<kw name="Capture Page Screenshot" owner="SeleniumLibrary">
<doc>Takes a screenshot of the current page and embeds it into a log file.</doc>
<status status="NOT RUN" start="2026-03-18T16:28:08.542396" elapsed="0.000050"/>
</kw>
<kw name="Fail" owner="BuiltIn">
<arg>Fixed agreement row not found in DOM after creation.</arg>
<doc>Fails the test with the given message and optionally alters its tags.</doc>
<status status="NOT RUN" start="2026-03-18T16:28:08.542600" elapsed="0.000047"/>
</kw>
<status status="NOT RUN" start="2026-03-18T16:28:08.541597" elapsed="0.001119"/>
</branch>
<status status="PASS" start="2026-03-18T16:28:08.541541" elapsed="0.001236"/>
</if>
<kw name="Wait Until Element Is Visible" owner="SeleniumLibrary">
<arg>${delete_btn_locator}</arg>
<arg>timeout=20s</arg>
<doc>Waits until the element ``locator`` is visible.</doc>
<status status="PASS" start="2026-03-18T16:28:08.542995" elapsed="0.032674"/>
</kw>
<kw name="Get WebElement" owner="SeleniumLibrary">
<msg time="2026-03-18T16:28:08.587139" level="INFO">${del_btn} = &lt;selenium.webdriver.remote.webelement.WebElement (session="cc845644a8f33cdc5d26f2e5bf10c210", element="f.F170B2FBB863892DDAFBC93FDC52F0E2.d.3F1C738741635CBCE2B1C59CBC111570.e.462")&gt;</msg>
<var>${del_btn}</var>
<arg>${delete_btn_locator}</arg>
<doc>Returns the first WebElement matching the given ``locator``.</doc>
<status status="PASS" start="2026-03-18T16:28:08.576369" elapsed="0.010850"/>
</kw>
<kw name="Execute Javascript" owner="SeleniumLibrary">
<msg time="2026-03-18T16:28:08.588740" level="INFO">Executing JavaScript:
arguments[0].click();
By using argument:
'&lt;selenium.webdriver.remote.webelement.WebElement (session="cc845644a8f33cdc5d26f2e5bf10c210", element="f.F170B2FBB863892DDAFBC93FDC52F0E2.d.3F1C738741635CBCE2B1C59CBC111570.e.462")&gt;'</msg>
<arg>arguments[0].click();</arg>
<arg>ARGUMENTS</arg>
<arg>${del_btn}</arg>
<doc>Executes the given JavaScript code with possible arguments.</doc>
<status status="PASS" start="2026-03-18T16:28:08.588096" elapsed="0.049826"/>
</kw>
<kw name="Sleep" owner="BuiltIn">
<msg time="2026-03-18T16:28:09.643216" level="INFO">Slept 1 second.</msg>
<arg>1s</arg>
<doc>Pauses the test executed for the given time.</doc>
<status status="PASS" start="2026-03-18T16:28:08.641523" elapsed="1.001906"/>
</kw>
<kw name="Handle Alert" owner="SeleniumLibrary">
<msg time="2026-03-18T16:28:09.644575" level="INFO">HANDLE::&lt;class 'datetime.timedelta'&gt;::0:00:05</msg>
<arg>action=ACCEPT</arg>
<arg>timeout=5s</arg>
<doc>Handles the current alert and returns its message.</doc>
<status status="PASS" start="2026-03-18T16:28:09.644095" elapsed="0.021951"/>
</kw>
<kw name="Log To Console" owner="BuiltIn">
<arg>✓ Delete confirmation alert accepted.</arg>
<doc>Logs the given message to the console.</doc>
<status status="PASS" start="2026-03-18T16:28:09.667976" elapsed="0.000796"/>
</kw>
<kw name="Sleep" owner="BuiltIn">
<msg time="2026-03-18T16:28:12.670116" level="INFO">Slept 3 seconds.</msg>
<arg>3s</arg>
<doc>Pauses the test executed for the given time.</doc>
<status status="PASS" start="2026-03-18T16:28:09.669188" elapsed="3.001173"/>
</kw>
<kw name="Run Keyword And Return Status" owner="BuiltIn">
<kw name="Element Should Be Visible" owner="SeleniumLibrary">
<msg time="2026-03-18T16:28:12.920968" level="INFO" html="true">&lt;/td&gt;&lt;/tr&gt;&lt;tr&gt;&lt;td colspan="3"&gt;&lt;a href="selenium-screenshot-193.png"&gt;&lt;img src="selenium-screenshot-193.png" width="800px"&gt;&lt;/a&gt;</msg>
<msg time="2026-03-18T16:28:12.921179" level="FAIL">The element 'id=loading_buffer' should be visible, but it is not.</msg>
<arg>id=loading_buffer</arg>
<doc>Verifies that the element identified by ``locator`` is visible.</doc>
<status status="FAIL" start="2026-03-18T16:28:12.671345" elapsed="0.250085">The element 'id=loading_buffer' should be visible, but it is not.</status>
</kw>
<msg time="2026-03-18T16:28:12.921635" level="INFO">${buffer_visible} = False</msg>
<var>${buffer_visible}</var>
<arg>Element Should Be Visible</arg>
<arg>id=loading_buffer</arg>
<doc>Runs the given keyword with given arguments and returns the status as a Boolean value.</doc>
<status status="PASS" start="2026-03-18T16:28:12.670893" elapsed="0.250789"/>
</kw>
<if>
<branch type="IF" condition="${buffer_visible}">
<kw name="Wait Until Keyword Succeeds" owner="BuiltIn">
<arg>30x</arg>
<arg>1s</arg>
<arg>Element Should Not Be Visible</arg>
<arg>id=loading_buffer</arg>
<doc>Runs the specified keyword and retries if it fails.</doc>
<status status="NOT RUN" start="2026-03-18T16:28:12.922416" elapsed="0.000058"/>
</kw>
<status status="NOT RUN" start="2026-03-18T16:28:12.921960" elapsed="0.000604"/>
</branch>
<status status="PASS" start="2026-03-18T16:28:12.921902" elapsed="0.000724"/>
</if>
<kw name="Log To Console" owner="BuiltIn">
<arg>Reloading page for server-side verification...</arg>
<doc>Logs the given message to the console.</doc>
<status status="PASS" start="2026-03-18T16:28:12.923024" elapsed="0.000265"/>
</kw>
<kw name="Reload Page" owner="SeleniumLibrary">
<doc>Simulates user reloading page.</doc>
<status status="PASS" start="2026-03-18T16:28:12.923549" elapsed="10.138266"/>
</kw>
<kw name="Wait Until Page Contains" owner="SeleniumLibrary">
<arg>${PROJECT_EDIT_TEXT}</arg>
<arg>timeout=30s</arg>
<doc>Waits until ``text`` appears on the current page.</doc>
<status status="PASS" start="2026-03-18T16:28:23.062296" elapsed="0.031578"/>
</kw>
<kw name="Open Fixed Agreements Tab">
<kw name="Wait Until Element Is Visible" owner="SeleniumLibrary">
<arg>${FIXED_AGREEMENTS_TAB}</arg>
<arg>timeout=20s</arg>
<doc>Waits until the element ``locator`` is visible.</doc>
<status status="PASS" start="2026-03-18T16:28:23.094861" elapsed="0.033636"/>
</kw>
<kw name="Get WebElement" owner="SeleniumLibrary">
<msg time="2026-03-18T16:28:23.137127" level="INFO">${tab_el} = &lt;selenium.webdriver.remote.webelement.WebElement (session="cc845644a8f33cdc5d26f2e5bf10c210", element="f.F170B2FBB863892DDAFBC93FDC52F0E2.d.6CF32BE7EF703A19368233B9D6037987.e.619")&gt;</msg>
<var>${tab_el}</var>
<arg>${FIXED_AGREEMENTS_TAB}</arg>
<doc>Returns the first WebElement matching the given ``locator``.</doc>
<status status="PASS" start="2026-03-18T16:28:23.128798" elapsed="0.008402"/>
</kw>
<kw name="Execute Javascript" owner="SeleniumLibrary">
<msg time="2026-03-18T16:28:23.138009" level="INFO">Executing JavaScript:
arguments[0].scrollIntoView({behavior: 'smooth', block: 'center'});
By using argument:
'&lt;selenium.webdriver.remote.webelement.WebElement (session="cc845644a8f33cdc5d26f2e5bf10c210", element="f.F170B2FBB863892DDAFBC93FDC52F0E2.d.6CF32BE7EF703A19368233B9D6037987.e.619")&gt;'</msg>
<arg>arguments[0].scrollIntoView({behavior: 'smooth', block: 'center'});</arg>
<arg>ARGUMENTS</arg>
<arg>${tab_el}</arg>
<doc>Executes the given JavaScript code with possible arguments.</doc>
<status status="PASS" start="2026-03-18T16:28:23.137460" elapsed="0.008736"/>
</kw>
<kw name="Sleep" owner="BuiltIn">
<msg time="2026-03-18T16:28:24.147019" level="INFO">Slept 1 second.</msg>
<arg>1s</arg>
<doc>Pauses the test executed for the given time.</doc>
<status status="PASS" start="2026-03-18T16:28:23.146569" elapsed="1.000685"/>
</kw>
<kw name="Run Keyword And Return Status" owner="BuiltIn">
<kw name="Element Should Be Visible" owner="SeleniumLibrary">
<msg time="2026-03-18T16:28:24.369559" level="INFO" html="true">&lt;/td&gt;&lt;/tr&gt;&lt;tr&gt;&lt;td colspan="3"&gt;&lt;a href="selenium-screenshot-194.png"&gt;&lt;img src="selenium-screenshot-194.png" width="800px"&gt;&lt;/a&gt;</msg>
<msg time="2026-03-18T16:28:24.369781" level="FAIL">The element 'id=fixed_agreement_table_div' should be visible, but it is not.</msg>
<arg>id=fixed_agreement_table_div</arg>
<doc>Verifies that the element identified by ``locator`` is visible.</doc>
<status status="FAIL" start="2026-03-18T16:28:24.147863" elapsed="0.222231">The element 'id=fixed_agreement_table_div' should be visible, but it is not.</status>
</kw>
<msg time="2026-03-18T16:28:24.370349" level="INFO">${is_expanded} = False</msg>
<var>${is_expanded}</var>
<arg>Element Should Be Visible</arg>
<arg>id=fixed_agreement_table_div</arg>
<doc>Runs the given keyword with given arguments and returns the status as a Boolean value.</doc>
<status status="PASS" start="2026-03-18T16:28:24.147553" elapsed="0.222849"/>
</kw>
<if>
<branch type="IF" condition="not ${is_expanded}">
<kw name="Execute Javascript" owner="SeleniumLibrary">
<msg time="2026-03-18T16:28:24.371705" level="INFO">Executing JavaScript:
arguments[0].click();
By using argument:
'&lt;selenium.webdriver.remote.webelement.WebElement (session="cc845644a8f33cdc5d26f2e5bf10c210", element="f.F170B2FBB863892DDAFBC93FDC52F0E2.d.6CF32BE7EF703A19368233B9D6037987.e.619")&gt;'</msg>
<arg>arguments[0].click();</arg>
<arg>ARGUMENTS</arg>
<arg>${tab_el}</arg>
<doc>Executes the given JavaScript code with possible arguments.</doc>
<status status="PASS" start="2026-03-18T16:28:24.371049" elapsed="0.016717"/>
</kw>
<kw name="Sleep" owner="BuiltIn">
<msg time="2026-03-18T16:28:27.389465" level="INFO">Slept 3 seconds.</msg>
<arg>3s</arg>
<doc>Pauses the test executed for the given time.</doc>
<status status="PASS" start="2026-03-18T16:28:24.388062" elapsed="3.001703"/>
</kw>
<status status="PASS" start="2026-03-18T16:28:24.370662" elapsed="3.019326"/>
</branch>
<status status="PASS" start="2026-03-18T16:28:24.370577" elapsed="3.019554"/>
</if>
<kw name="Wait Until Element Is Visible" owner="SeleniumLibrary">
<arg>id=fixed_agreement_table_div</arg>
<arg>timeout=10s</arg>
<doc>Waits until the element ``locator`` is visible.</doc>
<status status="PASS" start="2026-03-18T16:28:27.390416" elapsed="0.015626"/>
</kw>
<kw name="Log To Console" owner="BuiltIn">
<arg>✓ Fixed Agreements section expanded.</arg>
<doc>Logs the given message to the console.</doc>
<status status="PASS" start="2026-03-18T16:28:27.406330" elapsed="0.002332"/>
</kw>
<status status="PASS" start="2026-03-18T16:28:23.094411" elapsed="4.314901"/>
</kw>
<kw name="Run Keyword And Return Status" owner="BuiltIn">
<kw name="Page Should Contain Element" owner="SeleniumLibrary">
<msg time="2026-03-18T16:28:42.722326" level="INFO" html="true">&lt;/td&gt;&lt;/tr&gt;&lt;tr&gt;&lt;td colspan="3"&gt;&lt;a href="selenium-screenshot-195.png"&gt;&lt;img src="selenium-screenshot-195.png" width="800px"&gt;&lt;/a&gt;</msg>
<msg time="2026-03-18T16:28:42.722537" level="FAIL">Page should have contained element 'xpath=//tr[td[contains(., 'Auto Test Agreement')]]' but did not.</msg>
<arg>${row_locator}</arg>
<doc>Verifies that element ``locator`` is found on the current page.</doc>
<status status="FAIL" start="2026-03-18T16:28:27.410065" elapsed="15.314422">Page should have contained element 'xpath=//tr[td[contains(., 'Auto Test Agreement')]]' but did not.</status>
</kw>
<msg time="2026-03-18T16:28:42.724779" level="INFO">${row_exists} = False</msg>
<var>${row_exists}</var>
<arg>Page Should Contain Element</arg>
<arg>${row_locator}</arg>
<doc>Runs the given keyword with given arguments and returns the status as a Boolean value.</doc>
<status status="PASS" start="2026-03-18T16:28:27.409740" elapsed="15.315108"/>
</kw>
<if>
<branch type="IF" condition="${row_exists}">
<kw name="Log To Console" owner="BuiltIn">
<arg>❌ Failure: Fixed agreement still found in DOM!</arg>
<doc>Logs the given message to the console.</doc>
<status status="NOT RUN" start="2026-03-18T16:28:42.725747" elapsed="0.000070"/>
</kw>
<kw name="Capture Page Screenshot" owner="SeleniumLibrary">
<doc>Takes a screenshot of the current page and embeds it into a log file.</doc>
<status status="NOT RUN" start="2026-03-18T16:28:42.726028" elapsed="0.000049"/>
</kw>
<kw name="Fail" owner="BuiltIn">
<arg>The fixed agreement row was NOT deleted.</arg>
<doc>Fails the test with the given message and optionally alters its tags.</doc>
<status status="NOT RUN" start="2026-03-18T16:28:42.726232" elapsed="0.000046"/>
</kw>
<status status="NOT RUN" start="2026-03-18T16:28:42.725220" elapsed="0.001125"/>
</branch>
<branch type="ELSE">
<kw name="Log To Console" owner="BuiltIn">
<arg>✓ Fixed agreement row successfully deleted and verified from server.</arg>
<doc>Logs the given message to the console.</doc>
<status status="PASS" start="2026-03-18T16:28:42.726569" elapsed="0.000276"/>
</kw>
<status status="PASS" start="2026-03-18T16:28:42.726408" elapsed="0.000561"/>
</branch>
<status status="PASS" start="2026-03-18T16:28:42.725132" elapsed="0.001909"/>
</if>
<kw name="Close Browser" owner="LoginKeyword" type="TEARDOWN">
<kw name="Get Browser Ids" owner="SeleniumLibrary">
<msg time="2026-03-18T16:28:42.728465" level="INFO">${browsers} = [1]</msg>
<var>${browsers}</var>
<doc>Returns index of all active browser as list.</doc>
<status status="PASS" start="2026-03-18T16:28:42.728199" elapsed="0.000320"/>
</kw>
<if>
<branch type="IF" condition="${browsers}">
<kw name="Close All Browsers" owner="SeleniumLibrary">
<doc>Closes all open browsers and resets the browser cache.</doc>
<status status="PASS" start="2026-03-18T16:28:42.728902" elapsed="0.394950"/>
</kw>
<status status="PASS" start="2026-03-18T16:28:42.728663" elapsed="0.395556"/>
</branch>
<status status="PASS" start="2026-03-18T16:28:42.728629" elapsed="0.395895"/>
</if>
<status status="PASS" start="2026-03-18T16:28:42.727693" elapsed="0.397036"/>
</kw>
<doc>Verifies that a fixed agreement row can be successfully deleted from the project edit page.</doc>
<status status="PASS" start="2026-03-18T16:26:31.703858" elapsed="131.421474"/>
</test>
<status status="PASS" start="2026-03-18T16:26:31.187707" elapsed="131.939476"/>
</suite>
<statistics>
<total>
<stat pass="1" fail="0" skip="0">All Tests</stat>
</total>
<tag>
</tag>
<suite>
<stat name="Verify Fixed Agreement Delete" id="s1" pass="1" fail="0" skip="0">Verify Fixed Agreement Delete</stat>
</suite>
</statistics>
<errors>
<msg time="2026-03-18T16:26:31.717908" level="WARN">exexcutable_path is being deprecated. Please use service to configure the driver's executable_path as per documentation.</msg>
</errors>
</robot>
